2017-09-16 14:03:10,423 DEBUG o.s.web.servlet.DispatcherServlet - Initializing servlet 'dispatcherServlet'
2017-09-16 14:03:10,439 INFO  o.a.c.c.C.[Tomcat].[localhost].[/] - Initializing Spring FrameworkServlet 'dispatcherServlet'
2017-09-16 14:03:10,439 INFO  o.s.web.servlet.DispatcherServlet - FrameworkServlet 'dispatcherServlet': initialization started
2017-09-16 14:03:10,439 DEBUG o.s.b.f.s.DefaultListableBeanFactory - Returning cached instance of singleton bean 'multipartResolver'
2017-09-16 14:03:10,439 DEBUG o.s.web.servlet.DispatcherServlet - Using MultipartResolver [org.springframework.web.multipart.support.StandardServletMultipartResolver@542ff147]
2017-09-16 14:03:10,439 DEBUG o.s.b.f.s.DefaultListableBeanFactory - Creating instance of bean 'org.springframework.web.servlet.i18n.AcceptHeaderLocaleResolver'
2017-09-16 14:03:10,439 DEBUG o.s.b.f.s.DefaultListableBeanFactory - Returning cached instance of singleton bean 'org.springframework.transaction.config.internalTransactionAdvisor'
2017-09-16 14:03:10,439 DEBUG o.s.b.f.s.DefaultListableBeanFactory - Returning cached instance of singleton bean 'org.springframework.transaction.config.internalTransactionAdvisor'
2017-09-16 14:03:10,439 DEBUG o.s.b.f.s.DefaultListableBeanFactory - Returning cached instance of singleton bean 'org.springframework.transaction.config.internalTransactionAdvisor'
2017-09-16 14:03:10,439 DEBUG o.s.b.f.s.DefaultListableBeanFactory - Finished creating instance of bean 'org.springframework.web.servlet.i18n.AcceptHeaderLocaleResolver'
2017-09-16 14:03:10,439 DEBUG o.s.web.servlet.DispatcherServlet - Unable to locate LocaleResolver with name 'localeResolver': using default [org.springframework.web.servlet.i18n.AcceptHeaderLocaleResolver@48b3b3e4]
2017-09-16 14:03:10,439 DEBUG o.s.b.f.s.DefaultListableBeanFactory - Creating instance of bean 'org.springframework.web.servlet.theme.FixedThemeResolver'
2017-09-16 14:03:10,439 DEBUG o.s.b.f.s.DefaultListableBeanFactory - Returning cached instance of singleton bean 'org.springframework.transaction.config.internalTransactionAdvisor'
2017-09-16 14:03:10,439 DEBUG o.s.b.f.s.DefaultListableBeanFactory - Returning cached instance of singleton bean 'org.springframework.transaction.config.internalTransactionAdvisor'
2017-09-16 14:03:10,439 DEBUG o.s.b.f.s.DefaultListableBeanFactory - Returning cached instance of singleton bean 'org.springframework.transaction.config.internalTransactionAdvisor'
2017-09-16 14:03:10,439 DEBUG o.s.b.f.s.DefaultListableBeanFactory - Finished creating instance of bean 'org.springframework.web.servlet.theme.FixedThemeResolver'
2017-09-16 14:03:10,439 DEBUG o.s.web.servlet.DispatcherServlet - Unable to locate ThemeResolver with name 'themeResolver': using default [org.springframework.web.servlet.theme.FixedThemeResolver@7294b4f]
2017-09-16 14:03:10,439 DEBUG o.s.b.f.s.DefaultListableBeanFactory - Returning cached instance of singleton bean 'requestMappingHandlerMapping'
2017-09-16 14:03:10,439 DEBUG o.s.b.f.s.DefaultListableBeanFactory - Returning cached instance of singleton bean 'viewControllerHandlerMapping'
2017-09-16 14:03:10,439 DEBUG o.s.b.f.s.DefaultListableBeanFactory - Returning cached instance of singleton bean 'beanNameHandlerMapping'
2017-09-16 14:03:10,439 DEBUG o.s.b.f.s.DefaultListableBeanFactory - Returning cached instance of singleton bean 'resourceHandlerMapping'
2017-09-16 14:03:10,439 DEBUG o.s.b.f.s.DefaultListableBeanFactory - Returning cached instance of singleton bean 'defaultServletHandlerMapping'
2017-09-16 14:03:10,439 DEBUG o.s.b.f.s.DefaultListableBeanFactory - Returning cached instance of singleton bean 'faviconHandlerMapping'
2017-09-16 14:03:10,439 DEBUG o.s.b.f.s.DefaultListableBeanFactory - Returning cached instance of singleton bean 'welcomePageHandlerMapping'
2017-09-16 14:03:10,439 DEBUG o.s.b.f.s.DefaultListableBeanFactory - Returning cached instance of singleton bean 'requestMappingHandlerAdapter'
2017-09-16 14:03:10,439 DEBUG o.s.b.f.s.DefaultListableBeanFactory - Returning cached instance of singleton bean 'httpRequestHandlerAdapter'
2017-09-16 14:03:10,439 DEBUG o.s.b.f.s.DefaultListableBeanFactory - Returning cached instance of singleton bean 'simpleControllerHandlerAdapter'
2017-09-16 14:03:10,439 DEBUG o.s.b.f.s.DefaultListableBeanFactory - Returning cached instance of singleton bean 'errorAttributes'
2017-09-16 14:03:10,439 DEBUG o.s.b.f.s.DefaultListableBeanFactory - Returning cached instance of singleton bean 'handlerExceptionResolver'
2017-09-16 14:03:10,455 DEBUG o.s.b.f.s.DefaultListableBeanFactory - Creating instance of bean 'org.springframework.web.servlet.view.DefaultRequestToViewNameTranslator'
2017-09-16 14:03:10,455 DEBUG o.s.b.f.s.DefaultListableBeanFactory - Returning cached instance of singleton bean 'org.springframework.transaction.config.internalTransactionAdvisor'
2017-09-16 14:03:10,456 DEBUG o.s.b.f.s.DefaultListableBeanFactory - Returning cached instance of singleton bean 'org.springframework.transaction.config.internalTransactionAdvisor'
2017-09-16 14:03:10,456 DEBUG o.s.b.f.s.DefaultListableBeanFactory - Returning cached instance of singleton bean 'org.springframework.transaction.config.internalTransactionAdvisor'
2017-09-16 14:03:10,456 DEBUG o.s.b.f.s.DefaultListableBeanFactory - Finished creating instance of bean 'org.springframework.web.servlet.view.DefaultRequestToViewNameTranslator'
2017-09-16 14:03:10,456 DEBUG o.s.web.servlet.DispatcherServlet - Unable to locate RequestToViewNameTranslator with name 'viewNameTranslator': using default [org.springframework.web.servlet.view.DefaultRequestToViewNameTranslator@969f2ee]
2017-09-16 14:03:10,456 DEBUG o.s.b.f.s.DefaultListableBeanFactory - Returning cached instance of singleton bean 'beanNameViewResolver'
2017-09-16 14:03:10,456 DEBUG o.s.b.f.s.DefaultListableBeanFactory - Returning cached instance of singleton bean 'mvcViewResolver'
2017-09-16 14:03:10,456 DEBUG o.s.b.f.s.DefaultListableBeanFactory - Returning cached instance of singleton bean 'defaultViewResolver'
2017-09-16 14:03:10,456 DEBUG o.s.b.f.s.DefaultListableBeanFactory - Returning cached instance of singleton bean 'viewResolver'
2017-09-16 14:03:10,456 DEBUG o.s.b.f.s.DefaultListableBeanFactory - Creating instance of bean 'org.springframework.web.servlet.support.SessionFlashMapManager'
2017-09-16 14:03:10,456 DEBUG o.s.b.f.s.DefaultListableBeanFactory - Returning cached instance of singleton bean 'org.springframework.transaction.config.internalTransactionAdvisor'
2017-09-16 14:03:10,456 DEBUG o.s.b.f.s.DefaultListableBeanFactory - Returning cached instance of singleton bean 'org.springframework.transaction.config.internalTransactionAdvisor'
2017-09-16 14:03:10,456 DEBUG o.s.b.f.s.DefaultListableBeanFactory - Returning cached instance of singleton bean 'org.springframework.transaction.config.internalTransactionAdvisor'
2017-09-16 14:03:10,456 DEBUG o.s.b.f.s.DefaultListableBeanFactory - Finished creating instance of bean 'org.springframework.web.servlet.support.SessionFlashMapManager'
2017-09-16 14:03:10,456 DEBUG o.s.web.servlet.DispatcherServlet - Unable to locate FlashMapManager with name 'flashMapManager': using default [org.springframework.web.servlet.support.SessionFlashMapManager@1d37056]
2017-09-16 14:03:10,456 DEBUG o.s.web.servlet.DispatcherServlet - Published WebApplicationContext of servlet 'dispatcherServlet' as ServletContext attribute with name [org.springframework.web.servlet.FrameworkServlet.CONTEXT.dispatcherServlet]
2017-09-16 14:03:10,456 INFO  o.s.web.servlet.DispatcherServlet - FrameworkServlet 'dispatcherServlet': initialization completed in 17 ms
2017-09-16 14:03:10,456 DEBUG o.s.web.servlet.DispatcherServlet - Servlet 'dispatcherServlet' configured successfully
2017-09-16 14:03:10,471 DEBUG o.s.b.w.f.OrderedRequestContextFilter - Bound request context to thread: org.apache.catalina.connector.RequestFacade@2aab1bde
2017-09-16 14:03:10,471 DEBUG o.s.web.servlet.DispatcherServlet - DispatcherServlet with name 'dispatcherServlet' processing GET request for [/easybusiness/leave/leavetransaction/getLeaveTransactionForUserIdAndLeaveTypeAndleaveDateRange/7010/3/01-10-2017/03-10-2017]
2017-09-16 14:03:10,471 DEBUG o.s.w.s.m.m.a.RequestMappingHandlerMapping - Looking up handler method for path /easybusiness/leave/leavetransaction/getLeaveTransactionForUserIdAndLeaveTypeAndleaveDateRange/7010/3/01-10-2017/03-10-2017
2017-09-16 14:03:10,487 DEBUG o.s.w.s.m.m.a.RequestMappingHandlerMapping - Returning handler method [public org.springframework.http.ResponseEntity<java.util.List<com.easybusiness.leavemanagement.dto.LeaveTransactionDTO>> com.easybusiness.leavemanagement.services.leavetransaction.LeaveTransactionServiceImpl.findLeaveTransactionByUserIdAndLeaveTypeIdAndLeaveDate(java.lang.String,java.lang.String,java.lang.String,java.lang.String)]
2017-09-16 14:03:10,487 DEBUG o.s.b.f.s.DefaultListableBeanFactory - Returning cached instance of singleton bean 'leaveTransactionServiceImpl'
2017-09-16 14:03:10,487 DEBUG o.s.web.servlet.DispatcherServlet - Last-Modified value for [/easybusiness/leave/leavetransaction/getLeaveTransactionForUserIdAndLeaveTypeAndleaveDateRange/7010/3/01-10-2017/03-10-2017] is: -1
2017-09-16 14:03:10,487 DEBUG o.s.o.j.s.OpenEntityManagerInViewInterceptor - Opening JPA EntityManager in OpenEntityManagerInViewInterceptor
2017-09-16 14:03:10,502 DEBUG o.s.b.f.s.DefaultListableBeanFactory - Returning cached instance of singleton bean 'transactionManager'
2017-09-16 14:03:10,502 DEBUG o.s.orm.jpa.JpaTransactionManager - Found thread-bound EntityManager [org.hibernate.jpa.internal.EntityManagerImpl@fb141c3] for JPA transaction
2017-09-16 14:03:10,502 DEBUG o.s.orm.jpa.JpaTransactionManager - Creating new transaction with name [com.easybusiness.leavepersistence.user.UserDao.findUserById]: PROPAGATION_REQUIRED,ISOLATION_DEFAULT,readOnly; ''
2017-09-16 14:03:10,565 DEBUG o.s.jdbc.datasource.DataSourceUtils - Setting JDBC Connection [ProxyConnection[PooledConnection[oracle.jdbc.driver.T4CConnection@56913163]]] read-only
2017-09-16 14:03:10,565 DEBUG o.s.orm.jpa.JpaTransactionManager - Exposing JPA transaction as JDBC transaction [org.springframework.orm.jpa.vendor.HibernateJpaDialect$HibernateConnectionHandle@12bb3a7]
2017-09-16 14:03:10,596 DEBUG org.hibernate.SQL - 
    /* select
        generatedAlias0 
    from
        User as generatedAlias0 
    where
        generatedAlias0.id=:param0 */ select
            user0_.user_id as user_id1_8_,
            user0_.altr_email as altr_email2_8_,
            user0_.city as city3_8_,
            user0_.country as country4_8_,
            user0_.dob as dob5_8_,
            user0_.department as department27_8_,
            user0_.designation as designation28_8_,
            user0_.email as email6_8_,
            user0_.end_date as end_date7_8_,
            user0_.father as father8_8_,
            user0_.first_name as first_name9_8_,
            user0_.from_date as from_date10_8_,
            user0_.gender as gender11_8_,
            user0_.is_enable as is_enable12_8_,
            user0_.last_name as last_name13_8_,
            user0_.location_id as location_id29_8_,
            user0_.mobile as mobile14_8_,
            user0_.mod_by as mod_by15_8_,
            user0_.mod_dt as mod_dt16_8_,
            user0_.organization as organization30_8_,
            user0_.passport as passport17_8_,
            user0_.password as password18_8_,
            user0_.perm_addr as perm_addr19_8_,
            user0_.spouse as spouse20_8_,
            user0_.state as state21_8_,
            user0_.type_of_emp as type_of_emp22_8_,
            user0_.unit_id as unit_id23_8_,
            user0_.user_img as user_img24_8_,
            user0_.user_login_id as user_login_id25_8_,
            user0_.zip as zip26_8_ 
        from
            user_details user0_ 
        where
            user0_.user_id=?
2017-09-16 14:03:10,643 TRACE o.h.type.descriptor.sql.BasicBinder - binding parameter [1] as [BIGINT] - [7010]
2017-09-16 14:03:10,674 DEBUG org.hibernate.SQL - 
    select
        department0_.dept_id as dept_id1_0_0_,
        department0_.dept_name as dept_name2_0_0_,
        department0_.org_id as org_id3_0_0_,
        organizati1_.org_id as org_id1_7_1_,
        organizati1_.org_location as org_location2_7_1_,
        organizati1_.org_name as org_name3_7_1_ 
    from
        department department0_ 
    left outer join
        organization organizati1_ 
            on department0_.org_id=organizati1_.org_id 
    where
        department0_.dept_id=?
2017-09-16 14:03:10,674 TRACE o.h.type.descriptor.sql.BasicBinder - binding parameter [1] as [BIGINT] - [1]
2017-09-16 14:03:10,690 DEBUG org.hibernate.SQL - 
    select
        designatio0_.id as id1_1_0_,
        designatio0_.desig as desig2_1_0_ 
    from
        designation designatio0_ 
    where
        designatio0_.id=?
2017-09-16 14:03:10,690 TRACE o.h.type.descriptor.sql.BasicBinder - binding parameter [1] as [BIGINT] - [5]
2017-09-16 14:03:10,690 DEBUG o.s.orm.jpa.JpaTransactionManager - Initiating transaction commit
2017-09-16 14:03:10,690 DEBUG o.s.orm.jpa.JpaTransactionManager - Committing JPA transaction on EntityManager [org.hibernate.jpa.internal.EntityManagerImpl@fb141c3]
2017-09-16 14:03:10,690 DEBUG o.s.jdbc.datasource.DataSourceUtils - Resetting read-only flag of JDBC Connection [ProxyConnection[PooledConnection[oracle.jdbc.driver.T4CConnection@56913163]]]
2017-09-16 14:03:10,690 DEBUG o.s.orm.jpa.JpaTransactionManager - Not closing pre-bound JPA EntityManager after transaction
2017-09-16 14:03:10,690 DEBUG org.hibernate.SQL - 
    select
        leavemaste0_.leave_type_id as leave_type_id1_4_0_,
        leavemaste0_.carry_fwd_limit as carry_fwd_limit2_4_0_,
        leavemaste0_.created_by as created_by3_4_0_,
        leavemaste0_.created_on as created_on4_4_0_,
        leavemaste0_.is_carry_fwd as is_carry_fwd5_4_0_,
        leavemaste0_.leave_type as leave_type6_4_0_,
        leavemaste0_.max_num_in_a_year as max_num_in_a_year7_4_0_,
        leavemaste0_.mod_by as mod_by8_4_0_,
        leavemaste0_.mod_on as mod_on9_4_0_,
        leavemaste0_.status as status10_4_0_,
        leavemaste0_.validity as validity11_4_0_ 
    from
        leave_master leavemaste0_ 
    where
        leavemaste0_.leave_type_id=?
2017-09-16 14:03:10,690 TRACE o.h.type.descriptor.sql.BasicBinder - binding parameter [1] as [BIGINT] - [3]
2017-09-16 14:03:10,705 DEBUG o.s.d.r.c.s.TransactionalRepositoryProxyPostProcessor$CustomAnnotationTransactionAttributeSource - Adding transactional method 'findAll' with attribute: PROPAGATION_REQUIRED,ISOLATION_DEFAULT,readOnly; ''
2017-09-16 14:03:10,705 DEBUG o.s.b.f.s.DefaultListableBeanFactory - Returning cached instance of singleton bean 'transactionManager'
2017-09-16 14:03:10,705 DEBUG o.s.orm.jpa.JpaTransactionManager - Found thread-bound EntityManager [org.hibernate.jpa.internal.EntityManagerImpl@fb141c3] for JPA transaction
2017-09-16 14:03:10,705 DEBUG o.s.orm.jpa.JpaTransactionManager - Creating new transaction with name [org.springframework.data.jpa.repository.support.SimpleJpaRepository.findAll]: PROPAGATION_REQUIRED,ISOLATION_DEFAULT,readOnly; ''
2017-09-16 14:03:10,705 DEBUG o.s.jdbc.datasource.DataSourceUtils - Setting JDBC Connection [ProxyConnection[PooledConnection[oracle.jdbc.driver.T4CConnection@56913163]]] read-only
2017-09-16 14:03:10,705 DEBUG o.s.orm.jpa.JpaTransactionManager - Exposing JPA transaction as JDBC transaction [org.springframework.orm.jpa.vendor.HibernateJpaDialect$HibernateConnectionHandle@538e2f12]
2017-09-16 14:03:10,721 DEBUG org.hibernate.SQL - 
    /* select
        generatedAlias0 
    from
        LeaveTransaction as generatedAlias0 
    inner join
        generatedAlias0.user as generatedAlias1 
    inner join
        generatedAlias0.leaveMaster as generatedAlias2 
    where
        (
            generatedAlias1.id in (
                7010L
            ) 
        ) 
        and (
            generatedAlias2.id in (
                3L
            ) 
        ) 
        and (
            generatedAlias0.leaveStartDate between :param0 and :param1 
        ) */ select
            leavetrans0_.leave_tran_id as leave_tran_id1_5_,
            leavetrans0_.applied_by as applied_by16_5_,
            leavetrans0_.applied_on as applied_on2_5_,
            leavetrans0_.approved_by as approved_by17_5_,
            leavetrans0_.approved_on as approved_on3_5_,
            leavetrans0_.availed_on as availed_on4_5_,
            leavetrans0_.canceled_on as canceled_on5_5_,
            leavetrans0_.created_by as created_by6_5_,
            leavetrans0_.created_on as created_on7_5_,
            leavetrans0_.leave_end_date as leave_end_date8_5_,
            leavetrans0_.leave_type_id as leave_type_id18_5_,
            leavetrans0_.leave_no as leave_no9_5_,
            leavetrans0_.leave_start_date as leave_start_date10_5_,
            leavetrans0_.mod_by as mod_by11_5_,
            leavetrans0_.mod_on as mod_on12_5_,
            leavetrans0_.raised_for as raised_for13_5_,
            leavetrans0_.raised_on as raised_on14_5_,
            leavetrans0_.status as status15_5_,
            leavetrans0_.user_id as user_id19_5_ 
        from
            leave_transaction_details leavetrans0_ 
        inner join
            user_details user1_ 
                on leavetrans0_.user_id=user1_.user_id 
        inner join
            leave_master leavemaste2_ 
                on leavetrans0_.leave_type_id=leavemaste2_.leave_type_id 
        where
            (
                user1_.user_id in (
                    7010
                )
            ) 
            and (
                leavemaste2_.leave_type_id in (
                    3
                )
            ) 
            and (
                leavetrans0_.leave_start_date between ? and ?
            )
2017-09-16 14:03:10,721 TRACE o.h.type.descriptor.sql.BasicBinder - binding parameter [1] as [DATE] - [2017-10-01]
2017-09-16 14:03:10,721 TRACE o.h.type.descriptor.sql.BasicBinder - binding parameter [2] as [DATE] - [2017-10-03]
2017-09-16 14:03:10,721 DEBUG o.s.orm.jpa.JpaTransactionManager - Initiating transaction commit
2017-09-16 14:03:10,721 DEBUG o.s.orm.jpa.JpaTransactionManager - Committing JPA transaction on EntityManager [org.hibernate.jpa.internal.EntityManagerImpl@fb141c3]
2017-09-16 14:03:10,721 DEBUG o.s.jdbc.datasource.DataSourceUtils - Resetting read-only flag of JDBC Connection [ProxyConnection[PooledConnection[oracle.jdbc.driver.T4CConnection@56913163]]]
2017-09-16 14:03:10,721 DEBUG o.s.orm.jpa.JpaTransactionManager - Not closing pre-bound JPA EntityManager after transaction
2017-09-16 14:03:10,768 DEBUG o.s.w.s.m.m.a.HttpEntityMethodProcessor - Written [[]] as "application/json" using [org.springframework.http.converter.json.MappingJackson2HttpMessageConverter@48368a08]
2017-09-16 14:03:10,768 DEBUG o.s.web.servlet.DispatcherServlet - Null ModelAndView returned to DispatcherServlet with name 'dispatcherServlet': assuming HandlerAdapter completed request handling
2017-09-16 14:03:10,768 DEBUG o.s.o.j.s.OpenEntityManagerInViewInterceptor - Closing JPA EntityManager in OpenEntityManagerInViewInterceptor
2017-09-16 14:03:10,768 DEBUG o.s.o.jpa.EntityManagerFactoryUtils - Closing JPA EntityManager
2017-09-16 14:03:10,768 DEBUG o.s.web.servlet.DispatcherServlet - Successfully completed request
2017-09-16 14:03:10,768 DEBUG o.s.b.w.f.OrderedRequestContextFilter - Cleared thread-bound request context: org.apache.catalina.connector.RequestFacade@2aab1bde
2017-09-16 14:04:07,384 DEBUG o.s.b.w.f.OrderedRequestContextFilter - Bound request context to thread: org.apache.catalina.connector.RequestFacade@2aab1bde
2017-09-16 14:04:07,384 DEBUG o.s.web.servlet.DispatcherServlet - DispatcherServlet with name 'dispatcherServlet' processing GET request for [/easybusiness/leave/leavetransaction/getLeaveTransactionForUserIdAndLeaveTypeAndleaveDateRange/7010/3/01-10-2017/03-10-2017]
2017-09-16 14:04:07,384 DEBUG o.s.w.s.m.m.a.RequestMappingHandlerMapping - Looking up handler method for path /easybusiness/leave/leavetransaction/getLeaveTransactionForUserIdAndLeaveTypeAndleaveDateRange/7010/3/01-10-2017/03-10-2017
2017-09-16 14:04:07,399 DEBUG o.s.w.s.m.m.a.RequestMappingHandlerMapping - Returning handler method [public org.springframework.http.ResponseEntity<java.util.List<com.easybusiness.leavemanagement.dto.LeaveTransactionDTO>> com.easybusiness.leavemanagement.services.leavetransaction.LeaveTransactionServiceImpl.findLeaveTransactionByUserIdAndLeaveTypeIdAndLeaveDate(java.lang.String,java.lang.String,java.lang.String,java.lang.String)]
2017-09-16 14:04:07,399 DEBUG o.s.b.f.s.DefaultListableBeanFactory - Returning cached instance of singleton bean 'leaveTransactionServiceImpl'
2017-09-16 14:04:07,399 DEBUG o.s.web.servlet.DispatcherServlet - Last-Modified value for [/easybusiness/leave/leavetransaction/getLeaveTransactionForUserIdAndLeaveTypeAndleaveDateRange/7010/3/01-10-2017/03-10-2017] is: -1
2017-09-16 14:04:07,399 DEBUG o.s.o.j.s.OpenEntityManagerInViewInterceptor - Opening JPA EntityManager in OpenEntityManagerInViewInterceptor
2017-09-16 14:04:07,399 DEBUG o.s.orm.jpa.JpaTransactionManager - Found thread-bound EntityManager [org.hibernate.jpa.internal.EntityManagerImpl@53cf53ed] for JPA transaction
2017-09-16 14:04:07,399 DEBUG o.s.orm.jpa.JpaTransactionManager - Creating new transaction with name [com.easybusiness.leavepersistence.user.UserDao.findUserById]: PROPAGATION_REQUIRED,ISOLATION_DEFAULT,readOnly; ''
2017-09-16 14:04:07,415 DEBUG o.s.jdbc.datasource.DataSourceUtils - Setting JDBC Connection [ProxyConnection[PooledConnection[oracle.jdbc.driver.T4CConnection@56913163]]] read-only
2017-09-16 14:04:07,415 DEBUG o.s.orm.jpa.JpaTransactionManager - Exposing JPA transaction as JDBC transaction [org.springframework.orm.jpa.vendor.HibernateJpaDialect$HibernateConnectionHandle@57f0dd4c]
2017-09-16 14:04:07,415 DEBUG org.hibernate.SQL - 
    /* select
        generatedAlias0 
    from
        User as generatedAlias0 
    where
        generatedAlias0.id=:param0 */ select
            user0_.user_id as user_id1_8_,
            user0_.altr_email as altr_email2_8_,
            user0_.city as city3_8_,
            user0_.country as country4_8_,
            user0_.dob as dob5_8_,
            user0_.department as department27_8_,
            user0_.designation as designation28_8_,
            user0_.email as email6_8_,
            user0_.end_date as end_date7_8_,
            user0_.father as father8_8_,
            user0_.first_name as first_name9_8_,
            user0_.from_date as from_date10_8_,
            user0_.gender as gender11_8_,
            user0_.is_enable as is_enable12_8_,
            user0_.last_name as last_name13_8_,
            user0_.location_id as location_id29_8_,
            user0_.mobile as mobile14_8_,
            user0_.mod_by as mod_by15_8_,
            user0_.mod_dt as mod_dt16_8_,
            user0_.organization as organization30_8_,
            user0_.passport as passport17_8_,
            user0_.password as password18_8_,
            user0_.perm_addr as perm_addr19_8_,
            user0_.spouse as spouse20_8_,
            user0_.state as state21_8_,
            user0_.type_of_emp as type_of_emp22_8_,
            user0_.unit_id as unit_id23_8_,
            user0_.user_img as user_img24_8_,
            user0_.user_login_id as user_login_id25_8_,
            user0_.zip as zip26_8_ 
        from
            user_details user0_ 
        where
            user0_.user_id=?
2017-09-16 14:04:07,415 TRACE o.h.type.descriptor.sql.BasicBinder - binding parameter [1] as [BIGINT] - [7010]
2017-09-16 14:04:07,415 DEBUG org.hibernate.SQL - 
    select
        department0_.dept_id as dept_id1_0_0_,
        department0_.dept_name as dept_name2_0_0_,
        department0_.org_id as org_id3_0_0_,
        organizati1_.org_id as org_id1_7_1_,
        organizati1_.org_location as org_location2_7_1_,
        organizati1_.org_name as org_name3_7_1_ 
    from
        department department0_ 
    left outer join
        organization organizati1_ 
            on department0_.org_id=organizati1_.org_id 
    where
        department0_.dept_id=?
2017-09-16 14:04:07,415 TRACE o.h.type.descriptor.sql.BasicBinder - binding parameter [1] as [BIGINT] - [1]
2017-09-16 14:04:07,432 DEBUG org.hibernate.SQL - 
    select
        designatio0_.id as id1_1_0_,
        designatio0_.desig as desig2_1_0_ 
    from
        designation designatio0_ 
    where
        designatio0_.id=?
2017-09-16 14:04:07,432 TRACE o.h.type.descriptor.sql.BasicBinder - binding parameter [1] as [BIGINT] - [5]
2017-09-16 14:04:07,432 DEBUG o.s.orm.jpa.JpaTransactionManager - Initiating transaction commit
2017-09-16 14:04:07,432 DEBUG o.s.orm.jpa.JpaTransactionManager - Committing JPA transaction on EntityManager [org.hibernate.jpa.internal.EntityManagerImpl@53cf53ed]
2017-09-16 14:04:07,432 DEBUG o.s.jdbc.datasource.DataSourceUtils - Resetting read-only flag of JDBC Connection [ProxyConnection[PooledConnection[oracle.jdbc.driver.T4CConnection@56913163]]]
2017-09-16 14:04:07,432 DEBUG o.s.orm.jpa.JpaTransactionManager - Not closing pre-bound JPA EntityManager after transaction
2017-09-16 14:04:07,432 DEBUG org.hibernate.SQL - 
    select
        leavemaste0_.leave_type_id as leave_type_id1_4_0_,
        leavemaste0_.carry_fwd_limit as carry_fwd_limit2_4_0_,
        leavemaste0_.created_by as created_by3_4_0_,
        leavemaste0_.created_on as created_on4_4_0_,
        leavemaste0_.is_carry_fwd as is_carry_fwd5_4_0_,
        leavemaste0_.leave_type as leave_type6_4_0_,
        leavemaste0_.max_num_in_a_year as max_num_in_a_year7_4_0_,
        leavemaste0_.mod_by as mod_by8_4_0_,
        leavemaste0_.mod_on as mod_on9_4_0_,
        leavemaste0_.status as status10_4_0_,
        leavemaste0_.validity as validity11_4_0_ 
    from
        leave_master leavemaste0_ 
    where
        leavemaste0_.leave_type_id=?
2017-09-16 14:04:07,432 TRACE o.h.type.descriptor.sql.BasicBinder - binding parameter [1] as [BIGINT] - [3]
2017-09-16 14:04:07,432 DEBUG o.s.orm.jpa.JpaTransactionManager - Found thread-bound EntityManager [org.hibernate.jpa.internal.EntityManagerImpl@53cf53ed] for JPA transaction
2017-09-16 14:04:07,432 DEBUG o.s.orm.jpa.JpaTransactionManager - Creating new transaction with name [org.springframework.data.jpa.repository.support.SimpleJpaRepository.findAll]: PROPAGATION_REQUIRED,ISOLATION_DEFAULT,readOnly; ''
2017-09-16 14:04:07,432 DEBUG o.s.jdbc.datasource.DataSourceUtils - Setting JDBC Connection [ProxyConnection[PooledConnection[oracle.jdbc.driver.T4CConnection@56913163]]] read-only
2017-09-16 14:04:07,432 DEBUG o.s.orm.jpa.JpaTransactionManager - Exposing JPA transaction as JDBC transaction [org.springframework.orm.jpa.vendor.HibernateJpaDialect$HibernateConnectionHandle@23cb8f46]
2017-09-16 14:04:07,432 DEBUG org.hibernate.SQL - 
    /* select
        generatedAlias0 
    from
        LeaveTransaction as generatedAlias0 
    inner join
        generatedAlias0.user as generatedAlias1 
    inner join
        generatedAlias0.leaveMaster as generatedAlias2 
    where
        (
            generatedAlias1.id in (
                7010L
            ) 
        ) 
        and (
            generatedAlias2.id in (
                3L
            ) 
        ) 
        and (
            generatedAlias0.leaveStartDate between :param0 and :param1 
        ) */ select
            leavetrans0_.leave_tran_id as leave_tran_id1_5_,
            leavetrans0_.applied_by as applied_by16_5_,
            leavetrans0_.applied_on as applied_on2_5_,
            leavetrans0_.approved_by as approved_by17_5_,
            leavetrans0_.approved_on as approved_on3_5_,
            leavetrans0_.availed_on as availed_on4_5_,
            leavetrans0_.canceled_on as canceled_on5_5_,
            leavetrans0_.created_by as created_by6_5_,
            leavetrans0_.created_on as created_on7_5_,
            leavetrans0_.leave_end_date as leave_end_date8_5_,
            leavetrans0_.leave_type_id as leave_type_id18_5_,
            leavetrans0_.leave_no as leave_no9_5_,
            leavetrans0_.leave_start_date as leave_start_date10_5_,
            leavetrans0_.mod_by as mod_by11_5_,
            leavetrans0_.mod_on as mod_on12_5_,
            leavetrans0_.raised_for as raised_for13_5_,
            leavetrans0_.raised_on as raised_on14_5_,
            leavetrans0_.status as status15_5_,
            leavetrans0_.user_id as user_id19_5_ 
        from
            leave_transaction_details leavetrans0_ 
        inner join
            user_details user1_ 
                on leavetrans0_.user_id=user1_.user_id 
        inner join
            leave_master leavemaste2_ 
                on leavetrans0_.leave_type_id=leavemaste2_.leave_type_id 
        where
            (
                user1_.user_id in (
                    7010
                )
            ) 
            and (
                leavemaste2_.leave_type_id in (
                    3
                )
            ) 
            and (
                leavetrans0_.leave_start_date between ? and ?
            )
2017-09-16 14:04:07,432 TRACE o.h.type.descriptor.sql.BasicBinder - binding parameter [1] as [DATE] - [2017-10-01]
2017-09-16 14:04:07,432 TRACE o.h.type.descriptor.sql.BasicBinder - binding parameter [2] as [DATE] - [2017-10-03]
2017-09-16 14:04:07,447 DEBUG o.s.orm.jpa.JpaTransactionManager - Initiating transaction commit
2017-09-16 14:04:07,447 DEBUG o.s.orm.jpa.JpaTransactionManager - Committing JPA transaction on EntityManager [org.hibernate.jpa.internal.EntityManagerImpl@53cf53ed]
2017-09-16 14:04:07,447 DEBUG o.s.jdbc.datasource.DataSourceUtils - Resetting read-only flag of JDBC Connection [ProxyConnection[PooledConnection[oracle.jdbc.driver.T4CConnection@56913163]]]
2017-09-16 14:04:07,447 DEBUG o.s.orm.jpa.JpaTransactionManager - Not closing pre-bound JPA EntityManager after transaction
2017-09-16 14:04:07,481 DEBUG o.s.w.s.m.m.a.HttpEntityMethodProcessor - Written [[LeaveTransaction [id=1, user=UserDTO [id=7010, userName=secured, firstName=Secured, fromDate=null, lastName=User, password=123, gender=male, dateOfBirth=1989-10-23, email=secured@sls.com, alternateEmail=secured@sls.com, mobile=8723126745, endDate=null, organization=Organization [id=1, orgName=SLS, orgLocation=Kolkata], department=Department [id=1, organization=Organization [id=1, orgName=SLS, orgLocation=Kolkata], deptName=IT], designation=Designation [id=5, desig=LEAD], typeOfEmployment=null, isEnabled=1, userImg=null, modifiedBy=null, modifiedOn=null, permAddr=KaliGhat, state=West Bengal, city=Kolkata, country=India, zip=700102, fatherName=A K Singh, spouseName=S Singh, passport=null, location=null, unitId=null], leaveMaster=LeaveMaster [id=3, leaveType=Comp Off, isCarryForward=Y, maxNumInAYear=null, carryForwardLimit=null, validity=null, status=null, createdBy=null, createdOn=null, modifiedBy=null, modifiedOn=null], appliedOn=null, appliedBy=null, approvedOn=null, approvedBy=null, leaveStartDate=2017-10-01, canceledOn=null, availedOn=null, raisedOn=2017-09-02, raisedFor=2017-10-01, leaveEndDate=null, status=Raise Pending, createdBy=null, createdOn=null, modifiedBy=7010, modifiedOn=2017-09-02, leaveNo=1]]] as "application/json" using [org.springframework.http.converter.json.MappingJackson2HttpMessageConverter@48368a08]
2017-09-16 14:04:07,481 DEBUG o.s.web.servlet.DispatcherServlet - Null ModelAndView returned to DispatcherServlet with name 'dispatcherServlet': assuming HandlerAdapter completed request handling
2017-09-16 14:04:07,481 DEBUG o.s.o.j.s.OpenEntityManagerInViewInterceptor - Closing JPA EntityManager in OpenEntityManagerInViewInterceptor
2017-09-16 14:04:07,481 DEBUG o.s.o.jpa.EntityManagerFactoryUtils - Closing JPA EntityManager
2017-09-16 14:04:07,481 DEBUG o.s.web.servlet.DispatcherServlet - Successfully completed request
2017-09-16 14:04:07,481 DEBUG o.s.b.w.f.OrderedRequestContextFilter - Cleared thread-bound request context: org.apache.catalina.connector.RequestFacade@2aab1bde
