2017-09-23 22:04:31,295 DEBUG o.s.web.servlet.DispatcherServlet - Initializing servlet 'dispatcherServlet'
2017-09-23 22:04:31,297 INFO  o.a.c.c.C.[Tomcat].[localhost].[/] - Initializing Spring FrameworkServlet 'dispatcherServlet'
2017-09-23 22:04:31,297 INFO  o.s.web.servlet.DispatcherServlet - FrameworkServlet 'dispatcherServlet': initialization started
2017-09-23 22:04:31,297 DEBUG o.s.b.f.s.DefaultListableBeanFactory - Returning cached instance of singleton bean 'multipartResolver'
2017-09-23 22:04:31,297 DEBUG o.s.web.servlet.DispatcherServlet - Using MultipartResolver [org.springframework.web.multipart.support.StandardServletMultipartResolver@6cc8c13c]
2017-09-23 22:04:31,298 DEBUG o.s.b.f.s.DefaultListableBeanFactory - Creating instance of bean 'org.springframework.web.servlet.i18n.AcceptHeaderLocaleResolver'
2017-09-23 22:04:31,298 DEBUG o.s.b.f.s.DefaultListableBeanFactory - Returning cached instance of singleton bean 'org.springframework.transaction.config.internalTransactionAdvisor'
2017-09-23 22:04:31,302 DEBUG o.s.b.f.s.DefaultListableBeanFactory - Returning cached instance of singleton bean 'org.springframework.transaction.config.internalTransactionAdvisor'
2017-09-23 22:04:31,303 DEBUG o.s.b.f.s.DefaultListableBeanFactory - Returning cached instance of singleton bean 'org.springframework.transaction.config.internalTransactionAdvisor'
2017-09-23 22:04:31,303 DEBUG o.s.b.f.s.DefaultListableBeanFactory - Finished creating instance of bean 'org.springframework.web.servlet.i18n.AcceptHeaderLocaleResolver'
2017-09-23 22:04:31,303 DEBUG o.s.web.servlet.DispatcherServlet - Unable to locate LocaleResolver with name 'localeResolver': using default [org.springframework.web.servlet.i18n.AcceptHeaderLocaleResolver@688f5bdf]
2017-09-23 22:04:31,304 DEBUG o.s.b.f.s.DefaultListableBeanFactory - Creating instance of bean 'org.springframework.web.servlet.theme.FixedThemeResolver'
2017-09-23 22:04:31,304 DEBUG o.s.b.f.s.DefaultListableBeanFactory - Returning cached instance of singleton bean 'org.springframework.transaction.config.internalTransactionAdvisor'
2017-09-23 22:04:31,310 DEBUG o.s.b.f.s.DefaultListableBeanFactory - Returning cached instance of singleton bean 'org.springframework.transaction.config.internalTransactionAdvisor'
2017-09-23 22:04:31,310 DEBUG o.s.b.f.s.DefaultListableBeanFactory - Returning cached instance of singleton bean 'org.springframework.transaction.config.internalTransactionAdvisor'
2017-09-23 22:04:31,310 DEBUG o.s.b.f.s.DefaultListableBeanFactory - Finished creating instance of bean 'org.springframework.web.servlet.theme.FixedThemeResolver'
2017-09-23 22:04:31,310 DEBUG o.s.web.servlet.DispatcherServlet - Unable to locate ThemeResolver with name 'themeResolver': using default [org.springframework.web.servlet.theme.FixedThemeResolver@6e9c108]
2017-09-23 22:04:31,311 DEBUG o.s.b.f.s.DefaultListableBeanFactory - Returning cached instance of singleton bean 'requestMappingHandlerMapping'
2017-09-23 22:04:31,311 DEBUG o.s.b.f.s.DefaultListableBeanFactory - Returning cached instance of singleton bean 'viewControllerHandlerMapping'
2017-09-23 22:04:31,311 DEBUG o.s.b.f.s.DefaultListableBeanFactory - Returning cached instance of singleton bean 'beanNameHandlerMapping'
2017-09-23 22:04:31,311 DEBUG o.s.b.f.s.DefaultListableBeanFactory - Returning cached instance of singleton bean 'resourceHandlerMapping'
2017-09-23 22:04:31,311 DEBUG o.s.b.f.s.DefaultListableBeanFactory - Returning cached instance of singleton bean 'defaultServletHandlerMapping'
2017-09-23 22:04:31,311 DEBUG o.s.b.f.s.DefaultListableBeanFactory - Returning cached instance of singleton bean 'faviconHandlerMapping'
2017-09-23 22:04:31,311 DEBUG o.s.b.f.s.DefaultListableBeanFactory - Returning cached instance of singleton bean 'welcomePageHandlerMapping'
2017-09-23 22:04:31,312 DEBUG o.s.b.f.s.DefaultListableBeanFactory - Returning cached instance of singleton bean 'requestMappingHandlerAdapter'
2017-09-23 22:04:31,312 DEBUG o.s.b.f.s.DefaultListableBeanFactory - Returning cached instance of singleton bean 'httpRequestHandlerAdapter'
2017-09-23 22:04:31,312 DEBUG o.s.b.f.s.DefaultListableBeanFactory - Returning cached instance of singleton bean 'simpleControllerHandlerAdapter'
2017-09-23 22:04:31,313 DEBUG o.s.b.f.s.DefaultListableBeanFactory - Returning cached instance of singleton bean 'errorAttributes'
2017-09-23 22:04:31,313 DEBUG o.s.b.f.s.DefaultListableBeanFactory - Returning cached instance of singleton bean 'handlerExceptionResolver'
2017-09-23 22:04:31,313 DEBUG o.s.b.f.s.DefaultListableBeanFactory - Creating instance of bean 'org.springframework.web.servlet.view.DefaultRequestToViewNameTranslator'
2017-09-23 22:04:31,314 DEBUG o.s.b.f.s.DefaultListableBeanFactory - Returning cached instance of singleton bean 'org.springframework.transaction.config.internalTransactionAdvisor'
2017-09-23 22:04:31,318 DEBUG o.s.b.f.s.DefaultListableBeanFactory - Returning cached instance of singleton bean 'org.springframework.transaction.config.internalTransactionAdvisor'
2017-09-23 22:04:31,318 DEBUG o.s.b.f.s.DefaultListableBeanFactory - Returning cached instance of singleton bean 'org.springframework.transaction.config.internalTransactionAdvisor'
2017-09-23 22:04:31,318 DEBUG o.s.b.f.s.DefaultListableBeanFactory - Finished creating instance of bean 'org.springframework.web.servlet.view.DefaultRequestToViewNameTranslator'
2017-09-23 22:04:31,318 DEBUG o.s.web.servlet.DispatcherServlet - Unable to locate RequestToViewNameTranslator with name 'viewNameTranslator': using default [org.springframework.web.servlet.view.DefaultRequestToViewNameTranslator@76f7d292]
2017-09-23 22:04:31,319 DEBUG o.s.b.f.s.DefaultListableBeanFactory - Returning cached instance of singleton bean 'beanNameViewResolver'
2017-09-23 22:04:31,319 DEBUG o.s.b.f.s.DefaultListableBeanFactory - Returning cached instance of singleton bean 'mvcViewResolver'
2017-09-23 22:04:31,319 DEBUG o.s.b.f.s.DefaultListableBeanFactory - Returning cached instance of singleton bean 'defaultViewResolver'
2017-09-23 22:04:31,319 DEBUG o.s.b.f.s.DefaultListableBeanFactory - Returning cached instance of singleton bean 'viewResolver'
2017-09-23 22:04:31,320 DEBUG o.s.b.f.s.DefaultListableBeanFactory - Creating instance of bean 'org.springframework.web.servlet.support.SessionFlashMapManager'
2017-09-23 22:04:31,321 DEBUG o.s.b.f.s.DefaultListableBeanFactory - Returning cached instance of singleton bean 'org.springframework.transaction.config.internalTransactionAdvisor'
2017-09-23 22:04:31,327 DEBUG o.s.b.f.s.DefaultListableBeanFactory - Returning cached instance of singleton bean 'org.springframework.transaction.config.internalTransactionAdvisor'
2017-09-23 22:04:31,327 DEBUG o.s.b.f.s.DefaultListableBeanFactory - Returning cached instance of singleton bean 'org.springframework.transaction.config.internalTransactionAdvisor'
2017-09-23 22:04:31,327 DEBUG o.s.b.f.s.DefaultListableBeanFactory - Finished creating instance of bean 'org.springframework.web.servlet.support.SessionFlashMapManager'
2017-09-23 22:04:31,327 DEBUG o.s.web.servlet.DispatcherServlet - Unable to locate FlashMapManager with name 'flashMapManager': using default [org.springframework.web.servlet.support.SessionFlashMapManager@49c395a2]
2017-09-23 22:04:31,327 DEBUG o.s.web.servlet.DispatcherServlet - Published WebApplicationContext of servlet 'dispatcherServlet' as ServletContext attribute with name [org.springframework.web.servlet.FrameworkServlet.CONTEXT.dispatcherServlet]
2017-09-23 22:04:31,327 INFO  o.s.web.servlet.DispatcherServlet - FrameworkServlet 'dispatcherServlet': initialization completed in 30 ms
2017-09-23 22:04:31,327 DEBUG o.s.web.servlet.DispatcherServlet - Servlet 'dispatcherServlet' configured successfully
2017-09-23 22:04:31,339 DEBUG o.s.b.w.f.OrderedRequestContextFilter - Bound request context to thread: org.apache.catalina.connector.RequestFacade@4f2645fa
2017-09-23 22:04:31,340 DEBUG o.s.web.servlet.DispatcherServlet - DispatcherServlet with name 'dispatcherServlet' processing GET request for [/easybusiness/leave/leavetransaction/getLeaveTransactionById/1]
2017-09-23 22:04:31,343 DEBUG o.s.w.s.m.m.a.RequestMappingHandlerMapping - Looking up handler method for path /easybusiness/leave/leavetransaction/getLeaveTransactionById/1
2017-09-23 22:04:31,351 DEBUG o.s.w.s.m.m.a.RequestMappingHandlerMapping - Returning handler method [public org.springframework.http.ResponseEntity<com.easybusiness.leavemanagement.dto.LeaveTransactionDTO> com.easybusiness.leavemanagement.services.leavetransaction.LeaveTransactionServiceImpl.findByLeaveTransactionId(java.lang.String)]
2017-09-23 22:04:31,351 DEBUG o.s.b.f.s.DefaultListableBeanFactory - Returning cached instance of singleton bean 'leaveTransactionServiceImpl'
2017-09-23 22:04:31,351 DEBUG o.s.web.servlet.DispatcherServlet - Last-Modified value for [/easybusiness/leave/leavetransaction/getLeaveTransactionById/1] is: -1
2017-09-23 22:04:31,352 DEBUG o.s.o.j.s.OpenEntityManagerInViewInterceptor - Opening JPA EntityManager in OpenEntityManagerInViewInterceptor
2017-09-23 22:04:31,394 DEBUG org.hibernate.SQL - 
    select
        leavetrans0_.leave_tran_id as leave_tran_id1_5_0_,
        leavetrans0_.applied_by as applied_by15_5_0_,
        leavetrans0_.applied_on as applied_on2_5_0_,
        leavetrans0_.approved_by as approved_by16_5_0_,
        leavetrans0_.approved_on as approved_on3_5_0_,
        leavetrans0_.availed_on as availed_on4_5_0_,
        leavetrans0_.canceled_on as canceled_on5_5_0_,
        leavetrans0_.created_by as created_by6_5_0_,
        leavetrans0_.created_on as created_on7_5_0_,
        leavetrans0_.leave_end_date as leave_end_date8_5_0_,
        leavetrans0_.leave_type_id as leave_type_id17_5_0_,
        leavetrans0_.leave_no as leave_no9_5_0_,
        leavetrans0_.leave_start_date as leave_start_date10_5_0_,
        leavetrans0_.mod_by as mod_by11_5_0_,
        leavetrans0_.mod_on as mod_on12_5_0_,
        leavetrans0_.raised_for as raised_for13_5_0_,
        leavetrans0_.raised_on as raised_on14_5_0_,
        leavetrans0_.status as status18_5_0_,
        leavetrans0_.user_id as user_id19_5_0_,
        user1_.user_id as user_id1_9_1_,
        user1_.altr_email as altr_email2_9_1_,
        user1_.city as city3_9_1_,
        user1_.country as country4_9_1_,
        user1_.dob as dob5_9_1_,
        user1_.department as department27_9_1_,
        user1_.designation as designation28_9_1_,
        user1_.email as email6_9_1_,
        user1_.end_date as end_date7_9_1_,
        user1_.father as father8_9_1_,
        user1_.first_name as first_name9_9_1_,
        user1_.from_date as from_date10_9_1_,
        user1_.gender as gender11_9_1_,
        user1_.is_enable as is_enable12_9_1_,
        user1_.last_name as last_name13_9_1_,
        user1_.location_id as location_id29_9_1_,
        user1_.mobile as mobile14_9_1_,
        user1_.mod_by as mod_by15_9_1_,
        user1_.mod_dt as mod_dt16_9_1_,
        user1_.organization as organization30_9_1_,
        user1_.passport as passport17_9_1_,
        user1_.password as password18_9_1_,
        user1_.perm_addr as perm_addr19_9_1_,
        user1_.spouse as spouse20_9_1_,
        user1_.state as state21_9_1_,
        user1_.type_of_emp as type_of_emp22_9_1_,
        user1_.unit_id as unit_id23_9_1_,
        user1_.user_img as user_img24_9_1_,
        user1_.user_login_id as user_login_id25_9_1_,
        user1_.zip as zip26_9_1_,
        department2_.dept_id as dept_id1_0_2_,
        department2_.dept_name as dept_name2_0_2_,
        department2_.org_id as org_id3_0_2_,
        organizati3_.org_id as org_id1_7_3_,
        organizati3_.org_location as org_location2_7_3_,
        organizati3_.org_name as org_name3_7_3_,
        designatio4_.id as id1_1_4_,
        designatio4_.desig as desig2_1_4_,
        locationma5_.location_id as location_id1_6_5_,
        locationma5_.created_by as created_by2_6_5_,
        locationma5_.created_on as created_on3_6_5_,
        locationma5_.location_area as location_area4_6_5_,
        locationma5_.location_city as location_city5_6_5_,
        locationma5_.location_country as location_country6_6_5_,
        locationma5_.location_pin as location_pin7_6_5_,
        locationma5_.location_state as location_state8_6_5_,
        locationma5_.mod_by as mod_by9_6_5_,
        locationma5_.mod_on as mod_on10_6_5_,
        organizati6_.org_id as org_id1_7_6_,
        organizati6_.org_location as org_location2_7_6_,
        organizati6_.org_name as org_name3_7_6_,
        user7_.user_id as user_id1_9_7_,
        user7_.altr_email as altr_email2_9_7_,
        user7_.city as city3_9_7_,
        user7_.country as country4_9_7_,
        user7_.dob as dob5_9_7_,
        user7_.department as department27_9_7_,
        user7_.designation as designation28_9_7_,
        user7_.email as email6_9_7_,
        user7_.end_date as end_date7_9_7_,
        user7_.father as father8_9_7_,
        user7_.first_name as first_name9_9_7_,
        user7_.from_date as from_date10_9_7_,
        user7_.gender as gender11_9_7_,
        user7_.is_enable as is_enable12_9_7_,
        user7_.last_name as last_name13_9_7_,
        user7_.location_id as location_id29_9_7_,
        user7_.mobile as mobile14_9_7_,
        user7_.mod_by as mod_by15_9_7_,
        user7_.mod_dt as mod_dt16_9_7_,
        user7_.organization as organization30_9_7_,
        user7_.passport as passport17_9_7_,
        user7_.password as password18_9_7_,
        user7_.perm_addr as perm_addr19_9_7_,
        user7_.spouse as spouse20_9_7_,
        user7_.state as state21_9_7_,
        user7_.type_of_emp as type_of_emp22_9_7_,
        user7_.unit_id as unit_id23_9_7_,
        user7_.user_img as user_img24_9_7_,
        user7_.user_login_id as user_login_id25_9_7_,
        user7_.zip as zip26_9_7_,
        leavemaste8_.leave_type_id as leave_type_id1_4_8_,
        leavemaste8_.carry_fwd_limit as carry_fwd_limit2_4_8_,
        leavemaste8_.created_by as created_by3_4_8_,
        leavemaste8_.created_on as created_on4_4_8_,
        leavemaste8_.is_carry_fwd as is_carry_fwd5_4_8_,
        leavemaste8_.leave_type as leave_type6_4_8_,
        leavemaste8_.max_num_in_a_year as max_num_in_a_year7_4_8_,
        leavemaste8_.mod_by as mod_by8_4_8_,
        leavemaste8_.mod_on as mod_on9_4_8_,
        leavemaste8_.status as status10_4_8_,
        leavemaste8_.validity as validity11_4_8_,
        status9_.status_id as status_id1_8_9_,
        status9_.status_name as status_name2_8_9_,
        user10_.user_id as user_id1_9_10_,
        user10_.altr_email as altr_email2_9_10_,
        user10_.city as city3_9_10_,
        user10_.country as country4_9_10_,
        user10_.dob as dob5_9_10_,
        user10_.department as department27_9_10_,
        user10_.designation as designation28_9_10_,
        user10_.email as email6_9_10_,
        user10_.end_date as end_date7_9_10_,
        user10_.father as father8_9_10_,
        user10_.first_name as first_name9_9_10_,
        user10_.from_date as from_date10_9_10_,
        user10_.gender as gender11_9_10_,
        user10_.is_enable as is_enable12_9_10_,
        user10_.last_name as last_name13_9_10_,
        user10_.location_id as location_id29_9_10_,
        user10_.mobile as mobile14_9_10_,
        user10_.mod_by as mod_by15_9_10_,
        user10_.mod_dt as mod_dt16_9_10_,
        user10_.organization as organization30_9_10_,
        user10_.passport as passport17_9_10_,
        user10_.password as password18_9_10_,
        user10_.perm_addr as perm_addr19_9_10_,
        user10_.spouse as spouse20_9_10_,
        user10_.state as state21_9_10_,
        user10_.type_of_emp as type_of_emp22_9_10_,
        user10_.unit_id as unit_id23_9_10_,
        user10_.user_img as user_img24_9_10_,
        user10_.user_login_id as user_login_id25_9_10_,
        user10_.zip as zip26_9_10_ 
    from
        leave_transaction_details leavetrans0_ 
    left outer join
        user_details user1_ 
            on leavetrans0_.applied_by=user1_.user_id 
    left outer join
        department department2_ 
            on user1_.department=department2_.dept_id 
    left outer join
        organization organizati3_ 
            on department2_.org_id=organizati3_.org_id 
    left outer join
        designation designatio4_ 
            on user1_.designation=designatio4_.id 
    left outer join
        location_master locationma5_ 
            on user1_.location_id=locationma5_.location_id 
    left outer join
        organization organizati6_ 
            on user1_.organization=organizati6_.org_id 
    left outer join
        user_details user7_ 
            on leavetrans0_.approved_by=user7_.user_id 
    left outer join
        leave_master leavemaste8_ 
            on leavetrans0_.leave_type_id=leavemaste8_.leave_type_id 
    left outer join
        status_master status9_ 
            on leavetrans0_.status=status9_.status_id 
    left outer join
        user_details user10_ 
            on leavetrans0_.user_id=user10_.user_id 
    where
        leavetrans0_.leave_tran_id=?
2017-09-23 22:04:31,508 TRACE o.h.type.descriptor.sql.BasicBinder - binding parameter [1] as [BIGINT] - [1]
2017-09-23 22:04:31,549 DEBUG org.hibernate.SQL - 
    select
        department0_.dept_id as dept_id1_0_0_,
        department0_.dept_name as dept_name2_0_0_,
        department0_.org_id as org_id3_0_0_,
        organizati1_.org_id as org_id1_7_1_,
        organizati1_.org_location as org_location2_7_1_,
        organizati1_.org_name as org_name3_7_1_ 
    from
        department department0_ 
    left outer join
        organization organizati1_ 
            on department0_.org_id=organizati1_.org_id 
    where
        department0_.dept_id=?
2017-09-23 22:04:31,549 TRACE o.h.type.descriptor.sql.BasicBinder - binding parameter [1] as [BIGINT] - [1]
2017-09-23 22:04:31,556 DEBUG org.hibernate.SQL - 
    select
        designatio0_.id as id1_1_0_,
        designatio0_.desig as desig2_1_0_ 
    from
        designation designatio0_ 
    where
        designatio0_.id=?
2017-09-23 22:04:31,557 TRACE o.h.type.descriptor.sql.BasicBinder - binding parameter [1] as [BIGINT] - [5]
2017-09-23 22:04:31,631 DEBUG o.s.w.s.m.m.a.HttpEntityMethodProcessor - Written [LeaveTransaction [id=1, user=UserDTO [id=7010, userName=secured, firstName=Secured, fromDate=null, lastName=User, password=123, gender=male, dateOfBirth=1989-10-23, email=secured@sls.com, alternateEmail=secured@sls.com, mobile=8723126745, endDate=null, organization=Organization [id=1, orgName=SLS, orgLocation=Kolkata], department=Department [id=1, organization=Organization [id=1, orgName=SLS, orgLocation=Kolkata], deptName=IT], designation=Designation [id=5, desig=LEAD], typeOfEmployment=null, isEnabled=1, userImg=null, modifiedBy=null, modifiedOn=null, permAddr=KaliGhat, state=West Bengal, city=Kolkata, country=India, zip=700102, fatherName=A K Singh, spouseName=S Singh, passport=null, location=null, unitId=null], leaveMaster=LeaveMaster [id=3, leaveType=Comp Off, isCarryForward=Y, maxNumInAYear=null, carryForwardLimit=null, validity=null, status=null, createdBy=null, createdOn=null, modifiedBy=null, modifiedOn=null], appliedOn=null, appliedBy=null, approvedOn=null, approvedBy=null, leaveStartDate=2017-10-02, canceledOn=null, availedOn=null, raisedOn=2017-09-02, raisedFor=2017-10-01, leaveEndDate=2017-10-03, status=Status [statusId=3, statusName=APPROVED], createdBy=null, createdOn=null, modifiedBy=7010, modifiedOn=2017-09-02, leaveNo=1]] as "application/json" using [org.springframework.http.converter.json.MappingJackson2HttpMessageConverter@314f59b]
2017-09-23 22:04:31,632 DEBUG o.s.web.servlet.DispatcherServlet - Null ModelAndView returned to DispatcherServlet with name 'dispatcherServlet': assuming HandlerAdapter completed request handling
2017-09-23 22:04:31,632 DEBUG o.s.o.j.s.OpenEntityManagerInViewInterceptor - Closing JPA EntityManager in OpenEntityManagerInViewInterceptor
2017-09-23 22:04:31,632 DEBUG o.s.o.jpa.EntityManagerFactoryUtils - Closing JPA EntityManager
2017-09-23 22:04:31,633 DEBUG o.s.web.servlet.DispatcherServlet - Successfully completed request
2017-09-23 22:04:31,634 DEBUG o.s.b.w.f.OrderedRequestContextFilter - Cleared thread-bound request context: org.apache.catalina.connector.RequestFacade@4f2645fa
2017-09-23 22:06:10,976 DEBUG o.s.b.w.f.OrderedRequestContextFilter - Bound request context to thread: org.apache.catalina.connector.RequestFacade@4f2645fa
2017-09-23 22:06:10,976 DEBUG o.s.web.servlet.DispatcherServlet - DispatcherServlet with name 'dispatcherServlet' processing GET request for [/easybusiness/leave/leavetransaction/getLeaveTransactionById/1]
2017-09-23 22:06:10,976 DEBUG o.s.w.s.m.m.a.RequestMappingHandlerMapping - Looking up handler method for path /easybusiness/leave/leavetransaction/getLeaveTransactionById/1
2017-09-23 22:06:10,977 DEBUG o.s.w.s.m.m.a.RequestMappingHandlerMapping - Returning handler method [public org.springframework.http.ResponseEntity<com.easybusiness.leavemanagement.dto.LeaveTransactionDTO> com.easybusiness.leavemanagement.services.leavetransaction.LeaveTransactionServiceImpl.findByLeaveTransactionId(java.lang.String)]
2017-09-23 22:06:10,977 DEBUG o.s.b.f.s.DefaultListableBeanFactory - Returning cached instance of singleton bean 'leaveTransactionServiceImpl'
2017-09-23 22:06:10,977 DEBUG o.s.web.servlet.DispatcherServlet - Last-Modified value for [/easybusiness/leave/leavetransaction/getLeaveTransactionById/1] is: -1
2017-09-23 22:06:10,977 DEBUG o.s.o.j.s.OpenEntityManagerInViewInterceptor - Opening JPA EntityManager in OpenEntityManagerInViewInterceptor
2017-09-23 22:06:10,977 DEBUG org.hibernate.SQL - 
    select
        leavetrans0_.leave_tran_id as leave_tran_id1_5_0_,
        leavetrans0_.applied_by as applied_by15_5_0_,
        leavetrans0_.applied_on as applied_on2_5_0_,
        leavetrans0_.approved_by as approved_by16_5_0_,
        leavetrans0_.approved_on as approved_on3_5_0_,
        leavetrans0_.availed_on as availed_on4_5_0_,
        leavetrans0_.canceled_on as canceled_on5_5_0_,
        leavetrans0_.created_by as created_by6_5_0_,
        leavetrans0_.created_on as created_on7_5_0_,
        leavetrans0_.leave_end_date as leave_end_date8_5_0_,
        leavetrans0_.leave_type_id as leave_type_id17_5_0_,
        leavetrans0_.leave_no as leave_no9_5_0_,
        leavetrans0_.leave_start_date as leave_start_date10_5_0_,
        leavetrans0_.mod_by as mod_by11_5_0_,
        leavetrans0_.mod_on as mod_on12_5_0_,
        leavetrans0_.raised_for as raised_for13_5_0_,
        leavetrans0_.raised_on as raised_on14_5_0_,
        leavetrans0_.status as status18_5_0_,
        leavetrans0_.user_id as user_id19_5_0_,
        user1_.user_id as user_id1_9_1_,
        user1_.altr_email as altr_email2_9_1_,
        user1_.city as city3_9_1_,
        user1_.country as country4_9_1_,
        user1_.dob as dob5_9_1_,
        user1_.department as department27_9_1_,
        user1_.designation as designation28_9_1_,
        user1_.email as email6_9_1_,
        user1_.end_date as end_date7_9_1_,
        user1_.father as father8_9_1_,
        user1_.first_name as first_name9_9_1_,
        user1_.from_date as from_date10_9_1_,
        user1_.gender as gender11_9_1_,
        user1_.is_enable as is_enable12_9_1_,
        user1_.last_name as last_name13_9_1_,
        user1_.location_id as location_id29_9_1_,
        user1_.mobile as mobile14_9_1_,
        user1_.mod_by as mod_by15_9_1_,
        user1_.mod_dt as mod_dt16_9_1_,
        user1_.organization as organization30_9_1_,
        user1_.passport as passport17_9_1_,
        user1_.password as password18_9_1_,
        user1_.perm_addr as perm_addr19_9_1_,
        user1_.spouse as spouse20_9_1_,
        user1_.state as state21_9_1_,
        user1_.type_of_emp as type_of_emp22_9_1_,
        user1_.unit_id as unit_id23_9_1_,
        user1_.user_img as user_img24_9_1_,
        user1_.user_login_id as user_login_id25_9_1_,
        user1_.zip as zip26_9_1_,
        department2_.dept_id as dept_id1_0_2_,
        department2_.dept_name as dept_name2_0_2_,
        department2_.org_id as org_id3_0_2_,
        organizati3_.org_id as org_id1_7_3_,
        organizati3_.org_location as org_location2_7_3_,
        organizati3_.org_name as org_name3_7_3_,
        designatio4_.id as id1_1_4_,
        designatio4_.desig as desig2_1_4_,
        locationma5_.location_id as location_id1_6_5_,
        locationma5_.created_by as created_by2_6_5_,
        locationma5_.created_on as created_on3_6_5_,
        locationma5_.location_area as location_area4_6_5_,
        locationma5_.location_city as location_city5_6_5_,
        locationma5_.location_country as location_country6_6_5_,
        locationma5_.location_pin as location_pin7_6_5_,
        locationma5_.location_state as location_state8_6_5_,
        locationma5_.mod_by as mod_by9_6_5_,
        locationma5_.mod_on as mod_on10_6_5_,
        organizati6_.org_id as org_id1_7_6_,
        organizati6_.org_location as org_location2_7_6_,
        organizati6_.org_name as org_name3_7_6_,
        user7_.user_id as user_id1_9_7_,
        user7_.altr_email as altr_email2_9_7_,
        user7_.city as city3_9_7_,
        user7_.country as country4_9_7_,
        user7_.dob as dob5_9_7_,
        user7_.department as department27_9_7_,
        user7_.designation as designation28_9_7_,
        user7_.email as email6_9_7_,
        user7_.end_date as end_date7_9_7_,
        user7_.father as father8_9_7_,
        user7_.first_name as first_name9_9_7_,
        user7_.from_date as from_date10_9_7_,
        user7_.gender as gender11_9_7_,
        user7_.is_enable as is_enable12_9_7_,
        user7_.last_name as last_name13_9_7_,
        user7_.location_id as location_id29_9_7_,
        user7_.mobile as mobile14_9_7_,
        user7_.mod_by as mod_by15_9_7_,
        user7_.mod_dt as mod_dt16_9_7_,
        user7_.organization as organization30_9_7_,
        user7_.passport as passport17_9_7_,
        user7_.password as password18_9_7_,
        user7_.perm_addr as perm_addr19_9_7_,
        user7_.spouse as spouse20_9_7_,
        user7_.state as state21_9_7_,
        user7_.type_of_emp as type_of_emp22_9_7_,
        user7_.unit_id as unit_id23_9_7_,
        user7_.user_img as user_img24_9_7_,
        user7_.user_login_id as user_login_id25_9_7_,
        user7_.zip as zip26_9_7_,
        leavemaste8_.leave_type_id as leave_type_id1_4_8_,
        leavemaste8_.carry_fwd_limit as carry_fwd_limit2_4_8_,
        leavemaste8_.created_by as created_by3_4_8_,
        leavemaste8_.created_on as created_on4_4_8_,
        leavemaste8_.is_carry_fwd as is_carry_fwd5_4_8_,
        leavemaste8_.leave_type as leave_type6_4_8_,
        leavemaste8_.max_num_in_a_year as max_num_in_a_year7_4_8_,
        leavemaste8_.mod_by as mod_by8_4_8_,
        leavemaste8_.mod_on as mod_on9_4_8_,
        leavemaste8_.status as status10_4_8_,
        leavemaste8_.validity as validity11_4_8_,
        status9_.status_id as status_id1_8_9_,
        status9_.status_name as status_name2_8_9_,
        user10_.user_id as user_id1_9_10_,
        user10_.altr_email as altr_email2_9_10_,
        user10_.city as city3_9_10_,
        user10_.country as country4_9_10_,
        user10_.dob as dob5_9_10_,
        user10_.department as department27_9_10_,
        user10_.designation as designation28_9_10_,
        user10_.email as email6_9_10_,
        user10_.end_date as end_date7_9_10_,
        user10_.father as father8_9_10_,
        user10_.first_name as first_name9_9_10_,
        user10_.from_date as from_date10_9_10_,
        user10_.gender as gender11_9_10_,
        user10_.is_enable as is_enable12_9_10_,
        user10_.last_name as last_name13_9_10_,
        user10_.location_id as location_id29_9_10_,
        user10_.mobile as mobile14_9_10_,
        user10_.mod_by as mod_by15_9_10_,
        user10_.mod_dt as mod_dt16_9_10_,
        user10_.organization as organization30_9_10_,
        user10_.passport as passport17_9_10_,
        user10_.password as password18_9_10_,
        user10_.perm_addr as perm_addr19_9_10_,
        user10_.spouse as spouse20_9_10_,
        user10_.state as state21_9_10_,
        user10_.type_of_emp as type_of_emp22_9_10_,
        user10_.unit_id as unit_id23_9_10_,
        user10_.user_img as user_img24_9_10_,
        user10_.user_login_id as user_login_id25_9_10_,
        user10_.zip as zip26_9_10_ 
    from
        leave_transaction_details leavetrans0_ 
    left outer join
        user_details user1_ 
            on leavetrans0_.applied_by=user1_.user_id 
    left outer join
        department department2_ 
            on user1_.department=department2_.dept_id 
    left outer join
        organization organizati3_ 
            on department2_.org_id=organizati3_.org_id 
    left outer join
        designation designatio4_ 
            on user1_.designation=designatio4_.id 
    left outer join
        location_master locationma5_ 
            on user1_.location_id=locationma5_.location_id 
    left outer join
        organization organizati6_ 
            on user1_.organization=organizati6_.org_id 
    left outer join
        user_details user7_ 
            on leavetrans0_.approved_by=user7_.user_id 
    left outer join
        leave_master leavemaste8_ 
            on leavetrans0_.leave_type_id=leavemaste8_.leave_type_id 
    left outer join
        status_master status9_ 
            on leavetrans0_.status=status9_.status_id 
    left outer join
        user_details user10_ 
            on leavetrans0_.user_id=user10_.user_id 
    where
        leavetrans0_.leave_tran_id=?
2017-09-23 22:06:11,024 TRACE o.h.type.descriptor.sql.BasicBinder - binding parameter [1] as [BIGINT] - [1]
2017-09-23 22:06:11,040 DEBUG org.hibernate.SQL - 
    select
        department0_.dept_id as dept_id1_0_0_,
        department0_.dept_name as dept_name2_0_0_,
        department0_.org_id as org_id3_0_0_,
        organizati1_.org_id as org_id1_7_1_,
        organizati1_.org_location as org_location2_7_1_,
        organizati1_.org_name as org_name3_7_1_ 
    from
        department department0_ 
    left outer join
        organization organizati1_ 
            on department0_.org_id=organizati1_.org_id 
    where
        department0_.dept_id=?
2017-09-23 22:06:11,040 TRACE o.h.type.descriptor.sql.BasicBinder - binding parameter [1] as [BIGINT] - [1]
2017-09-23 22:06:11,040 DEBUG org.hibernate.SQL - 
    select
        designatio0_.id as id1_1_0_,
        designatio0_.desig as desig2_1_0_ 
    from
        designation designatio0_ 
    where
        designatio0_.id=?
2017-09-23 22:06:11,040 TRACE o.h.type.descriptor.sql.BasicBinder - binding parameter [1] as [BIGINT] - [5]
2017-09-23 22:06:11,040 DEBUG o.s.w.s.m.m.a.HttpEntityMethodProcessor - Written [LeaveTransaction [id=1, user=UserDTO [id=7010, userName=secured, firstName=Secured, fromDate=null, lastName=User, password=123, gender=male, dateOfBirth=1989-10-23, email=secured@sls.com, alternateEmail=secured@sls.com, mobile=8723126745, endDate=null, organization=Organization [id=1, orgName=SLS, orgLocation=Kolkata], department=Department [id=1, organization=Organization [id=1, orgName=SLS, orgLocation=Kolkata], deptName=IT], designation=Designation [id=5, desig=LEAD], typeOfEmployment=null, isEnabled=1, userImg=null, modifiedBy=null, modifiedOn=null, permAddr=KaliGhat, state=West Bengal, city=Kolkata, country=India, zip=700102, fatherName=A K Singh, spouseName=S Singh, passport=null, location=null, unitId=null], leaveMaster=LeaveMaster [id=3, leaveType=Comp Off, isCarryForward=Y, maxNumInAYear=null, carryForwardLimit=null, validity=null, status=null, createdBy=null, createdOn=null, modifiedBy=null, modifiedOn=null], appliedOn=null, appliedBy=null, approvedOn=null, approvedBy=null, leaveStartDate=2017-10-02, canceledOn=null, availedOn=null, raisedOn=2017-09-02, raisedFor=2017-10-01, leaveEndDate=2017-10-03, status=Status [statusId=3, statusName=APPROVED], createdBy=null, createdOn=null, modifiedBy=7010, modifiedOn=2017-09-02, leaveNo=1]] as "application/json" using [org.springframework.http.converter.json.MappingJackson2HttpMessageConverter@314f59b]
2017-09-23 22:06:11,040 DEBUG o.s.web.servlet.DispatcherServlet - Null ModelAndView returned to DispatcherServlet with name 'dispatcherServlet': assuming HandlerAdapter completed request handling
2017-09-23 22:06:11,040 DEBUG o.s.o.j.s.OpenEntityManagerInViewInterceptor - Closing JPA EntityManager in OpenEntityManagerInViewInterceptor
2017-09-23 22:06:11,040 DEBUG o.s.o.jpa.EntityManagerFactoryUtils - Closing JPA EntityManager
2017-09-23 22:06:11,055 DEBUG o.s.web.servlet.DispatcherServlet - Successfully completed request
2017-09-23 22:06:11,055 DEBUG o.s.b.w.f.OrderedRequestContextFilter - Cleared thread-bound request context: org.apache.catalina.connector.RequestFacade@4f2645fa
2017-09-23 22:06:11,211 DEBUG o.s.b.w.f.OrderedRequestContextFilter - Bound request context to thread: org.apache.catalina.connector.RequestFacade@4f2645fa
2017-09-23 22:06:11,211 DEBUG o.s.web.servlet.DispatcherServlet - DispatcherServlet with name 'dispatcherServlet' processing GET request for [/favicon.ico]
2017-09-23 22:06:11,211 DEBUG o.s.w.s.h.SimpleUrlHandlerMapping - Matching patterns for request [/favicon.ico] are [/**/favicon.ico]
2017-09-23 22:06:11,211 DEBUG o.s.w.s.h.SimpleUrlHandlerMapping - URI Template variables for request [/favicon.ico] are {}
2017-09-23 22:06:11,211 DEBUG o.s.w.s.h.SimpleUrlHandlerMapping - Mapping [/favicon.ico] to HandlerExecutionChain with handler [ResourceHttpRequestHandler [locations=[ServletContext resource [/], class path resource [META-INF/resources/], class path resource [resources/], class path resource [static/], class path resource [public/], class path resource []], resolvers=[org.springframework.web.servlet.resource.PathResourceResolver@43ab9ae9]]] and 1 interceptor
2017-09-23 22:06:11,211 DEBUG o.s.web.servlet.DispatcherServlet - Last-Modified value for [/favicon.ico] is: -1
2017-09-23 22:06:11,218 DEBUG o.s.web.servlet.DispatcherServlet - Null ModelAndView returned to DispatcherServlet with name 'dispatcherServlet': assuming HandlerAdapter completed request handling
2017-09-23 22:06:11,219 DEBUG o.s.web.servlet.DispatcherServlet - Successfully completed request
2017-09-23 22:06:11,219 DEBUG o.s.b.w.f.OrderedRequestContextFilter - Cleared thread-bound request context: org.apache.catalina.connector.RequestFacade@4f2645fa
2017-09-23 22:08:15,653 DEBUG o.s.b.w.f.OrderedRequestContextFilter - Bound request context to thread: org.apache.catalina.connector.RequestFacade@4f2645fa
2017-09-23 22:08:15,653 DEBUG o.s.web.servlet.DispatcherServlet - DispatcherServlet with name 'dispatcherServlet' processing GET request for [/easybusiness/leave/leavetransaction/getLeaveTransactionAsPerStatus/3]
2017-09-23 22:08:15,653 DEBUG o.s.w.s.m.m.a.RequestMappingHandlerMapping - Looking up handler method for path /easybusiness/leave/leavetransaction/getLeaveTransactionAsPerStatus/3
2017-09-23 22:08:15,653 DEBUG o.s.w.s.m.m.a.RequestMappingHandlerMapping - Returning handler method [public org.springframework.http.ResponseEntity<java.util.List<com.easybusiness.leavemanagement.dto.LeaveTransactionDTO>> com.easybusiness.leavemanagement.services.leavetransaction.LeaveTransactionServiceImpl.findByLeaveStatus(java.lang.String)]
2017-09-23 22:08:15,653 DEBUG o.s.b.f.s.DefaultListableBeanFactory - Returning cached instance of singleton bean 'leaveTransactionServiceImpl'
2017-09-23 22:08:15,653 DEBUG o.s.web.servlet.DispatcherServlet - Last-Modified value for [/easybusiness/leave/leavetransaction/getLeaveTransactionAsPerStatus/3] is: -1
2017-09-23 22:08:15,653 DEBUG o.s.o.j.s.OpenEntityManagerInViewInterceptor - Opening JPA EntityManager in OpenEntityManagerInViewInterceptor
2017-09-23 22:08:15,686 DEBUG org.hibernate.SQL - 
    /* select
        generatedAlias0 
    from
        Status as generatedAlias0 
    where
        generatedAlias0.statusId=:param0 */ select
            status0_.status_id as status_id1_8_,
            status0_.status_name as status_name2_8_ 
        from
            status_master status0_ 
        where
            status0_.status_id=?
2017-09-23 22:08:15,686 TRACE o.h.type.descriptor.sql.BasicBinder - binding parameter [1] as [VARCHAR] - [3]
2017-09-23 22:08:15,732 DEBUG org.hibernate.SQL - 
    /* select
        generatedAlias0 
    from
        LeaveTransaction as generatedAlias0 
    left join
        generatedAlias0.status as generatedAlias1 
    where
        generatedAlias1=:param0 */ select
            leavetrans0_.leave_tran_id as leave_tran_id1_5_,
            leavetrans0_.applied_by as applied_by15_5_,
            leavetrans0_.applied_on as applied_on2_5_,
            leavetrans0_.approved_by as approved_by16_5_,
            leavetrans0_.approved_on as approved_on3_5_,
            leavetrans0_.availed_on as availed_on4_5_,
            leavetrans0_.canceled_on as canceled_on5_5_,
            leavetrans0_.created_by as created_by6_5_,
            leavetrans0_.created_on as created_on7_5_,
            leavetrans0_.leave_end_date as leave_end_date8_5_,
            leavetrans0_.leave_type_id as leave_type_id17_5_,
            leavetrans0_.leave_no as leave_no9_5_,
            leavetrans0_.leave_start_date as leave_start_date10_5_,
            leavetrans0_.mod_by as mod_by11_5_,
            leavetrans0_.mod_on as mod_on12_5_,
            leavetrans0_.raised_for as raised_for13_5_,
            leavetrans0_.raised_on as raised_on14_5_,
            leavetrans0_.status as status18_5_,
            leavetrans0_.user_id as user_id19_5_ 
        from
            leave_transaction_details leavetrans0_ 
        left outer join
            status_master status1_ 
                on leavetrans0_.status=status1_.status_id 
        where
            status1_.status_id=?
2017-09-23 22:08:15,732 TRACE o.h.type.descriptor.sql.BasicBinder - binding parameter [1] as [VARCHAR] - [3]
2017-09-23 22:08:15,732 DEBUG org.hibernate.SQL - 
    select
        leavemaste0_.leave_type_id as leave_type_id1_4_0_,
        leavemaste0_.carry_fwd_limit as carry_fwd_limit2_4_0_,
        leavemaste0_.created_by as created_by3_4_0_,
        leavemaste0_.created_on as created_on4_4_0_,
        leavemaste0_.is_carry_fwd as is_carry_fwd5_4_0_,
        leavemaste0_.leave_type as leave_type6_4_0_,
        leavemaste0_.max_num_in_a_year as max_num_in_a_year7_4_0_,
        leavemaste0_.mod_by as mod_by8_4_0_,
        leavemaste0_.mod_on as mod_on9_4_0_,
        leavemaste0_.status as status10_4_0_,
        leavemaste0_.validity as validity11_4_0_ 
    from
        leave_master leavemaste0_ 
    where
        leavemaste0_.leave_type_id=?
2017-09-23 22:08:15,732 TRACE o.h.type.descriptor.sql.BasicBinder - binding parameter [1] as [BIGINT] - [3]
2017-09-23 22:08:15,732 DEBUG org.hibernate.SQL - 
    select
        user0_.user_id as user_id1_9_0_,
        user0_.altr_email as altr_email2_9_0_,
        user0_.city as city3_9_0_,
        user0_.country as country4_9_0_,
        user0_.dob as dob5_9_0_,
        user0_.department as department27_9_0_,
        user0_.designation as designation28_9_0_,
        user0_.email as email6_9_0_,
        user0_.end_date as end_date7_9_0_,
        user0_.father as father8_9_0_,
        user0_.first_name as first_name9_9_0_,
        user0_.from_date as from_date10_9_0_,
        user0_.gender as gender11_9_0_,
        user0_.is_enable as is_enable12_9_0_,
        user0_.last_name as last_name13_9_0_,
        user0_.location_id as location_id29_9_0_,
        user0_.mobile as mobile14_9_0_,
        user0_.mod_by as mod_by15_9_0_,
        user0_.mod_dt as mod_dt16_9_0_,
        user0_.organization as organization30_9_0_,
        user0_.passport as passport17_9_0_,
        user0_.password as password18_9_0_,
        user0_.perm_addr as perm_addr19_9_0_,
        user0_.spouse as spouse20_9_0_,
        user0_.state as state21_9_0_,
        user0_.type_of_emp as type_of_emp22_9_0_,
        user0_.unit_id as unit_id23_9_0_,
        user0_.user_img as user_img24_9_0_,
        user0_.user_login_id as user_login_id25_9_0_,
        user0_.zip as zip26_9_0_,
        department1_.dept_id as dept_id1_0_1_,
        department1_.dept_name as dept_name2_0_1_,
        department1_.org_id as org_id3_0_1_,
        organizati2_.org_id as org_id1_7_2_,
        organizati2_.org_location as org_location2_7_2_,
        organizati2_.org_name as org_name3_7_2_,
        designatio3_.id as id1_1_3_,
        designatio3_.desig as desig2_1_3_,
        locationma4_.location_id as location_id1_6_4_,
        locationma4_.created_by as created_by2_6_4_,
        locationma4_.created_on as created_on3_6_4_,
        locationma4_.location_area as location_area4_6_4_,
        locationma4_.location_city as location_city5_6_4_,
        locationma4_.location_country as location_country6_6_4_,
        locationma4_.location_pin as location_pin7_6_4_,
        locationma4_.location_state as location_state8_6_4_,
        locationma4_.mod_by as mod_by9_6_4_,
        locationma4_.mod_on as mod_on10_6_4_,
        organizati5_.org_id as org_id1_7_5_,
        organizati5_.org_location as org_location2_7_5_,
        organizati5_.org_name as org_name3_7_5_ 
    from
        user_details user0_ 
    left outer join
        department department1_ 
            on user0_.department=department1_.dept_id 
    left outer join
        organization organizati2_ 
            on department1_.org_id=organizati2_.org_id 
    left outer join
        designation designatio3_ 
            on user0_.designation=designatio3_.id 
    left outer join
        location_master locationma4_ 
            on user0_.location_id=locationma4_.location_id 
    left outer join
        organization organizati5_ 
            on user0_.organization=organizati5_.org_id 
    where
        user0_.user_id=?
2017-09-23 22:08:15,732 TRACE o.h.type.descriptor.sql.BasicBinder - binding parameter [1] as [BIGINT] - [7010]
2017-09-23 22:08:15,779 DEBUG o.s.w.s.m.m.a.HttpEntityMethodProcessor - Written [[LeaveTransaction [id=1, user=UserDTO [id=7010, userName=secured, firstName=Secured, fromDate=null, lastName=User, password=123, gender=male, dateOfBirth=1989-10-23, email=secured@sls.com, alternateEmail=secured@sls.com, mobile=8723126745, endDate=null, organization=Organization [id=1, orgName=SLS, orgLocation=Kolkata], department=Department [id=1, organization=Organization [id=1, orgName=SLS, orgLocation=Kolkata], deptName=IT], designation=Designation [id=5, desig=LEAD], typeOfEmployment=null, isEnabled=1, userImg=null, modifiedBy=null, modifiedOn=null, permAddr=KaliGhat, state=West Bengal, city=Kolkata, country=India, zip=700102, fatherName=A K Singh, spouseName=S Singh, passport=null, location=null, unitId=null], leaveMaster=LeaveMaster [id=3, leaveType=Comp Off, isCarryForward=Y, maxNumInAYear=null, carryForwardLimit=null, validity=null, status=null, createdBy=null, createdOn=null, modifiedBy=null, modifiedOn=null], appliedOn=null, appliedBy=null, approvedOn=null, approvedBy=null, leaveStartDate=2017-10-02, canceledOn=null, availedOn=null, raisedOn=2017-09-02, raisedFor=2017-10-01, leaveEndDate=2017-10-03, status=Status [statusId=3, statusName=APPROVED], createdBy=null, createdOn=null, modifiedBy=7010, modifiedOn=2017-09-02, leaveNo=1], LeaveTransaction [id=11, user=UserDTO [id=7010, userName=secured, firstName=Secured, fromDate=null, lastName=User, password=123, gender=male, dateOfBirth=1989-10-23, email=secured@sls.com, alternateEmail=secured@sls.com, mobile=8723126745, endDate=null, organization=Organization [id=1, orgName=SLS, orgLocation=Kolkata], department=Department [id=1, organization=Organization [id=1, orgName=SLS, orgLocation=Kolkata], deptName=IT], designation=Designation [id=5, desig=LEAD], typeOfEmployment=null, isEnabled=1, userImg=null, modifiedBy=null, modifiedOn=null, permAddr=KaliGhat, state=West Bengal, city=Kolkata, country=India, zip=700102, fatherName=A K Singh, spouseName=S Singh, passport=null, location=null, unitId=null], leaveMaster=LeaveMaster [id=3, leaveType=Comp Off, isCarryForward=Y, maxNumInAYear=null, carryForwardLimit=null, validity=null, status=null, createdBy=null, createdOn=null, modifiedBy=null, modifiedOn=null], appliedOn=null, appliedBy=null, approvedOn=null, approvedBy=null, leaveStartDate=2017-09-29, canceledOn=null, availedOn=null, raisedOn=2017-09-04, raisedFor=2017-10-01, leaveEndDate=2017-10-01, status=Status [statusId=3, statusName=APPROVED], createdBy=null, createdOn=null, modifiedBy=7010, modifiedOn=2017-09-04, leaveNo=1]]] as "application/json" using [org.springframework.http.converter.json.MappingJackson2HttpMessageConverter@314f59b]
2017-09-23 22:08:15,779 DEBUG o.s.web.servlet.DispatcherServlet - Null ModelAndView returned to DispatcherServlet with name 'dispatcherServlet': assuming HandlerAdapter completed request handling
2017-09-23 22:08:15,779 DEBUG o.s.o.j.s.OpenEntityManagerInViewInterceptor - Closing JPA EntityManager in OpenEntityManagerInViewInterceptor
2017-09-23 22:08:15,779 DEBUG o.s.o.jpa.EntityManagerFactoryUtils - Closing JPA EntityManager
2017-09-23 22:08:15,779 DEBUG o.s.web.servlet.DispatcherServlet - Successfully completed request
2017-09-23 22:08:15,779 DEBUG o.s.b.w.f.OrderedRequestContextFilter - Cleared thread-bound request context: org.apache.catalina.connector.RequestFacade@4f2645fa
2017-09-23 22:08:40,766 DEBUG o.s.b.w.f.OrderedRequestContextFilter - Bound request context to thread: org.apache.catalina.connector.RequestFacade@4f2645fa
2017-09-23 22:08:40,781 DEBUG o.s.web.servlet.DispatcherServlet - DispatcherServlet with name 'dispatcherServlet' processing GET request for [/easybusiness/leave/leavetransaction/getLeaveTransactionAsPerStatus/1]
2017-09-23 22:08:40,781 DEBUG o.s.w.s.m.m.a.RequestMappingHandlerMapping - Looking up handler method for path /easybusiness/leave/leavetransaction/getLeaveTransactionAsPerStatus/1
2017-09-23 22:08:40,781 DEBUG o.s.w.s.m.m.a.RequestMappingHandlerMapping - Returning handler method [public org.springframework.http.ResponseEntity<java.util.List<com.easybusiness.leavemanagement.dto.LeaveTransactionDTO>> com.easybusiness.leavemanagement.services.leavetransaction.LeaveTransactionServiceImpl.findByLeaveStatus(java.lang.String)]
2017-09-23 22:08:40,781 DEBUG o.s.b.f.s.DefaultListableBeanFactory - Returning cached instance of singleton bean 'leaveTransactionServiceImpl'
2017-09-23 22:08:40,781 DEBUG o.s.web.servlet.DispatcherServlet - Last-Modified value for [/easybusiness/leave/leavetransaction/getLeaveTransactionAsPerStatus/1] is: -1
2017-09-23 22:08:40,781 DEBUG o.s.o.j.s.OpenEntityManagerInViewInterceptor - Opening JPA EntityManager in OpenEntityManagerInViewInterceptor
2017-09-23 22:08:40,781 DEBUG org.hibernate.SQL - 
    /* select
        generatedAlias0 
    from
        Status as generatedAlias0 
    where
        generatedAlias0.statusId=:param0 */ select
            status0_.status_id as status_id1_8_,
            status0_.status_name as status_name2_8_ 
        from
            status_master status0_ 
        where
            status0_.status_id=?
2017-09-23 22:08:40,781 TRACE o.h.type.descriptor.sql.BasicBinder - binding parameter [1] as [VARCHAR] - [1]
2017-09-23 22:08:40,781 DEBUG org.hibernate.SQL - 
    /* select
        generatedAlias0 
    from
        LeaveTransaction as generatedAlias0 
    left join
        generatedAlias0.status as generatedAlias1 
    where
        generatedAlias1=:param0 */ select
            leavetrans0_.leave_tran_id as leave_tran_id1_5_,
            leavetrans0_.applied_by as applied_by15_5_,
            leavetrans0_.applied_on as applied_on2_5_,
            leavetrans0_.approved_by as approved_by16_5_,
            leavetrans0_.approved_on as approved_on3_5_,
            leavetrans0_.availed_on as availed_on4_5_,
            leavetrans0_.canceled_on as canceled_on5_5_,
            leavetrans0_.created_by as created_by6_5_,
            leavetrans0_.created_on as created_on7_5_,
            leavetrans0_.leave_end_date as leave_end_date8_5_,
            leavetrans0_.leave_type_id as leave_type_id17_5_,
            leavetrans0_.leave_no as leave_no9_5_,
            leavetrans0_.leave_start_date as leave_start_date10_5_,
            leavetrans0_.mod_by as mod_by11_5_,
            leavetrans0_.mod_on as mod_on12_5_,
            leavetrans0_.raised_for as raised_for13_5_,
            leavetrans0_.raised_on as raised_on14_5_,
            leavetrans0_.status as status18_5_,
            leavetrans0_.user_id as user_id19_5_ 
        from
            leave_transaction_details leavetrans0_ 
        left outer join
            status_master status1_ 
                on leavetrans0_.status=status1_.status_id 
        where
            status1_.status_id=?
2017-09-23 22:08:40,782 TRACE o.h.type.descriptor.sql.BasicBinder - binding parameter [1] as [VARCHAR] - [1]
2017-09-23 22:08:40,782 DEBUG o.s.w.s.m.m.a.HttpEntityMethodProcessor - Written [[]] as "application/json" using [org.springframework.http.converter.json.MappingJackson2HttpMessageConverter@314f59b]
2017-09-23 22:08:40,782 DEBUG o.s.web.servlet.DispatcherServlet - Null ModelAndView returned to DispatcherServlet with name 'dispatcherServlet': assuming HandlerAdapter completed request handling
2017-09-23 22:08:40,782 DEBUG o.s.o.j.s.OpenEntityManagerInViewInterceptor - Closing JPA EntityManager in OpenEntityManagerInViewInterceptor
2017-09-23 22:08:40,782 DEBUG o.s.o.jpa.EntityManagerFactoryUtils - Closing JPA EntityManager
2017-09-23 22:08:40,782 DEBUG o.s.web.servlet.DispatcherServlet - Successfully completed request
2017-09-23 22:08:40,782 DEBUG o.s.b.w.f.OrderedRequestContextFilter - Cleared thread-bound request context: org.apache.catalina.connector.RequestFacade@4f2645fa
2017-09-23 22:09:45,203 DEBUG o.s.b.w.f.OrderedRequestContextFilter - Bound request context to thread: org.apache.catalina.connector.RequestFacade@4f2645fa
2017-09-23 22:09:45,203 DEBUG o.s.web.servlet.DispatcherServlet - DispatcherServlet with name 'dispatcherServlet' processing GET request for [/easybusiness/leave/leavetransaction/getLeaveTransactionAsPerStatus/3]
2017-09-23 22:09:45,204 DEBUG o.s.w.s.m.m.a.RequestMappingHandlerMapping - Looking up handler method for path /easybusiness/leave/leavetransaction/getLeaveTransactionAsPerStatus/3
2017-09-23 22:09:45,206 DEBUG o.s.w.s.m.m.a.RequestMappingHandlerMapping - Returning handler method [public org.springframework.http.ResponseEntity<java.util.List<com.easybusiness.leavemanagement.dto.LeaveTransactionDTO>> com.easybusiness.leavemanagement.services.leavetransaction.LeaveTransactionServiceImpl.findByLeaveStatus(java.lang.String)]
2017-09-23 22:09:45,206 DEBUG o.s.b.f.s.DefaultListableBeanFactory - Returning cached instance of singleton bean 'leaveTransactionServiceImpl'
2017-09-23 22:09:45,206 DEBUG o.s.web.servlet.DispatcherServlet - Last-Modified value for [/easybusiness/leave/leavetransaction/getLeaveTransactionAsPerStatus/3] is: -1
2017-09-23 22:09:45,206 DEBUG o.s.o.j.s.OpenEntityManagerInViewInterceptor - Opening JPA EntityManager in OpenEntityManagerInViewInterceptor
2017-09-23 22:09:45,207 DEBUG org.hibernate.SQL - 
    /* select
        generatedAlias0 
    from
        Status as generatedAlias0 
    where
        generatedAlias0.statusId=:param0 */ select
            status0_.status_id as status_id1_8_,
            status0_.status_name as status_name2_8_ 
        from
            status_master status0_ 
        where
            status0_.status_id=?
2017-09-23 22:09:45,210 TRACE o.h.type.descriptor.sql.BasicBinder - binding parameter [1] as [VARCHAR] - [3]
2017-09-23 22:09:45,212 DEBUG org.hibernate.SQL - 
    /* select
        generatedAlias0 
    from
        LeaveTransaction as generatedAlias0 
    left join
        generatedAlias0.status as generatedAlias1 
    where
        generatedAlias1=:param0 */ select
            leavetrans0_.leave_tran_id as leave_tran_id1_5_,
            leavetrans0_.applied_by as applied_by15_5_,
            leavetrans0_.applied_on as applied_on2_5_,
            leavetrans0_.approved_by as approved_by16_5_,
            leavetrans0_.approved_on as approved_on3_5_,
            leavetrans0_.availed_on as availed_on4_5_,
            leavetrans0_.canceled_on as canceled_on5_5_,
            leavetrans0_.created_by as created_by6_5_,
            leavetrans0_.created_on as created_on7_5_,
            leavetrans0_.leave_end_date as leave_end_date8_5_,
            leavetrans0_.leave_type_id as leave_type_id17_5_,
            leavetrans0_.leave_no as leave_no9_5_,
            leavetrans0_.leave_start_date as leave_start_date10_5_,
            leavetrans0_.mod_by as mod_by11_5_,
            leavetrans0_.mod_on as mod_on12_5_,
            leavetrans0_.raised_for as raised_for13_5_,
            leavetrans0_.raised_on as raised_on14_5_,
            leavetrans0_.status as status18_5_,
            leavetrans0_.user_id as user_id19_5_ 
        from
            leave_transaction_details leavetrans0_ 
        left outer join
            status_master status1_ 
                on leavetrans0_.status=status1_.status_id 
        where
            status1_.status_id=?
2017-09-23 22:09:45,213 TRACE o.h.type.descriptor.sql.BasicBinder - binding parameter [1] as [VARCHAR] - [3]
2017-09-23 22:09:45,215 DEBUG org.hibernate.SQL - 
    select
        leavemaste0_.leave_type_id as leave_type_id1_4_0_,
        leavemaste0_.carry_fwd_limit as carry_fwd_limit2_4_0_,
        leavemaste0_.created_by as created_by3_4_0_,
        leavemaste0_.created_on as created_on4_4_0_,
        leavemaste0_.is_carry_fwd as is_carry_fwd5_4_0_,
        leavemaste0_.leave_type as leave_type6_4_0_,
        leavemaste0_.max_num_in_a_year as max_num_in_a_year7_4_0_,
        leavemaste0_.mod_by as mod_by8_4_0_,
        leavemaste0_.mod_on as mod_on9_4_0_,
        leavemaste0_.status as status10_4_0_,
        leavemaste0_.validity as validity11_4_0_ 
    from
        leave_master leavemaste0_ 
    where
        leavemaste0_.leave_type_id=?
2017-09-23 22:09:45,215 TRACE o.h.type.descriptor.sql.BasicBinder - binding parameter [1] as [BIGINT] - [3]
2017-09-23 22:09:45,217 DEBUG org.hibernate.SQL - 
    select
        user0_.user_id as user_id1_9_0_,
        user0_.altr_email as altr_email2_9_0_,
        user0_.city as city3_9_0_,
        user0_.country as country4_9_0_,
        user0_.dob as dob5_9_0_,
        user0_.department as department27_9_0_,
        user0_.designation as designation28_9_0_,
        user0_.email as email6_9_0_,
        user0_.end_date as end_date7_9_0_,
        user0_.father as father8_9_0_,
        user0_.first_name as first_name9_9_0_,
        user0_.from_date as from_date10_9_0_,
        user0_.gender as gender11_9_0_,
        user0_.is_enable as is_enable12_9_0_,
        user0_.last_name as last_name13_9_0_,
        user0_.location_id as location_id29_9_0_,
        user0_.mobile as mobile14_9_0_,
        user0_.mod_by as mod_by15_9_0_,
        user0_.mod_dt as mod_dt16_9_0_,
        user0_.organization as organization30_9_0_,
        user0_.passport as passport17_9_0_,
        user0_.password as password18_9_0_,
        user0_.perm_addr as perm_addr19_9_0_,
        user0_.spouse as spouse20_9_0_,
        user0_.state as state21_9_0_,
        user0_.type_of_emp as type_of_emp22_9_0_,
        user0_.unit_id as unit_id23_9_0_,
        user0_.user_img as user_img24_9_0_,
        user0_.user_login_id as user_login_id25_9_0_,
        user0_.zip as zip26_9_0_,
        department1_.dept_id as dept_id1_0_1_,
        department1_.dept_name as dept_name2_0_1_,
        department1_.org_id as org_id3_0_1_,
        organizati2_.org_id as org_id1_7_2_,
        organizati2_.org_location as org_location2_7_2_,
        organizati2_.org_name as org_name3_7_2_,
        designatio3_.id as id1_1_3_,
        designatio3_.desig as desig2_1_3_,
        locationma4_.location_id as location_id1_6_4_,
        locationma4_.created_by as created_by2_6_4_,
        locationma4_.created_on as created_on3_6_4_,
        locationma4_.location_area as location_area4_6_4_,
        locationma4_.location_city as location_city5_6_4_,
        locationma4_.location_country as location_country6_6_4_,
        locationma4_.location_pin as location_pin7_6_4_,
        locationma4_.location_state as location_state8_6_4_,
        locationma4_.mod_by as mod_by9_6_4_,
        locationma4_.mod_on as mod_on10_6_4_,
        organizati5_.org_id as org_id1_7_5_,
        organizati5_.org_location as org_location2_7_5_,
        organizati5_.org_name as org_name3_7_5_ 
    from
        user_details user0_ 
    left outer join
        department department1_ 
            on user0_.department=department1_.dept_id 
    left outer join
        organization organizati2_ 
            on department1_.org_id=organizati2_.org_id 
    left outer join
        designation designatio3_ 
            on user0_.designation=designatio3_.id 
    left outer join
        location_master locationma4_ 
            on user0_.location_id=locationma4_.location_id 
    left outer join
        organization organizati5_ 
            on user0_.organization=organizati5_.org_id 
    where
        user0_.user_id=?
2017-09-23 22:09:45,218 TRACE o.h.type.descriptor.sql.BasicBinder - binding parameter [1] as [BIGINT] - [7010]
2017-09-23 22:09:45,224 DEBUG o.s.w.s.m.m.a.HttpEntityMethodProcessor - Written [[LeaveTransaction [id=1, user=UserDTO [id=7010, userName=secured, firstName=Secured, fromDate=null, lastName=User, password=123, gender=male, dateOfBirth=1989-10-23, email=secured@sls.com, alternateEmail=secured@sls.com, mobile=8723126745, endDate=null, organization=Organization [id=1, orgName=SLS, orgLocation=Kolkata], department=Department [id=1, organization=Organization [id=1, orgName=SLS, orgLocation=Kolkata], deptName=IT], designation=Designation [id=5, desig=LEAD], typeOfEmployment=null, isEnabled=1, userImg=null, modifiedBy=null, modifiedOn=null, permAddr=KaliGhat, state=West Bengal, city=Kolkata, country=India, zip=700102, fatherName=A K Singh, spouseName=S Singh, passport=null, location=null, unitId=null], leaveMaster=LeaveMaster [id=3, leaveType=Comp Off, isCarryForward=Y, maxNumInAYear=null, carryForwardLimit=null, validity=null, status=null, createdBy=null, createdOn=null, modifiedBy=null, modifiedOn=null], appliedOn=null, appliedBy=null, approvedOn=null, approvedBy=null, leaveStartDate=2017-10-02, canceledOn=null, availedOn=null, raisedOn=2017-09-02, raisedFor=2017-10-01, leaveEndDate=2017-10-03, status=Status [statusId=3, statusName=APPROVED], createdBy=null, createdOn=null, modifiedBy=7010, modifiedOn=2017-09-02, leaveNo=1], LeaveTransaction [id=11, user=UserDTO [id=7010, userName=secured, firstName=Secured, fromDate=null, lastName=User, password=123, gender=male, dateOfBirth=1989-10-23, email=secured@sls.com, alternateEmail=secured@sls.com, mobile=8723126745, endDate=null, organization=Organization [id=1, orgName=SLS, orgLocation=Kolkata], department=Department [id=1, organization=Organization [id=1, orgName=SLS, orgLocation=Kolkata], deptName=IT], designation=Designation [id=5, desig=LEAD], typeOfEmployment=null, isEnabled=1, userImg=null, modifiedBy=null, modifiedOn=null, permAddr=KaliGhat, state=West Bengal, city=Kolkata, country=India, zip=700102, fatherName=A K Singh, spouseName=S Singh, passport=null, location=null, unitId=null], leaveMaster=LeaveMaster [id=3, leaveType=Comp Off, isCarryForward=Y, maxNumInAYear=null, carryForwardLimit=null, validity=null, status=null, createdBy=null, createdOn=null, modifiedBy=null, modifiedOn=null], appliedOn=null, appliedBy=null, approvedOn=null, approvedBy=null, leaveStartDate=2017-09-29, canceledOn=null, availedOn=null, raisedOn=2017-09-04, raisedFor=2017-10-01, leaveEndDate=2017-10-01, status=Status [statusId=3, statusName=APPROVED], createdBy=null, createdOn=null, modifiedBy=7010, modifiedOn=2017-09-04, leaveNo=1]]] as "application/json" using [org.springframework.http.converter.json.MappingJackson2HttpMessageConverter@314f59b]
2017-09-23 22:09:45,225 DEBUG o.s.web.servlet.DispatcherServlet - Null ModelAndView returned to DispatcherServlet with name 'dispatcherServlet': assuming HandlerAdapter completed request handling
2017-09-23 22:09:45,225 DEBUG o.s.o.j.s.OpenEntityManagerInViewInterceptor - Closing JPA EntityManager in OpenEntityManagerInViewInterceptor
2017-09-23 22:09:45,225 DEBUG o.s.o.jpa.EntityManagerFactoryUtils - Closing JPA EntityManager
2017-09-23 22:09:45,225 DEBUG o.s.web.servlet.DispatcherServlet - Successfully completed request
2017-09-23 22:09:45,225 DEBUG o.s.b.w.f.OrderedRequestContextFilter - Cleared thread-bound request context: org.apache.catalina.connector.RequestFacade@4f2645fa
2017-09-23 22:11:00,010 DEBUG o.s.b.w.f.OrderedRequestContextFilter - Bound request context to thread: org.apache.catalina.connector.RequestFacade@4f2645fa
2017-09-23 22:11:00,010 DEBUG o.s.web.servlet.DispatcherServlet - DispatcherServlet with name 'dispatcherServlet' processing POST request for [/easybusiness/leave/leavetransaction/addOrModifyLeaveTransaction]
2017-09-23 22:11:00,010 DEBUG o.s.w.s.m.m.a.RequestMappingHandlerMapping - Looking up handler method for path /easybusiness/leave/leavetransaction/addOrModifyLeaveTransaction
2017-09-23 22:11:00,010 DEBUG o.s.w.s.m.m.a.RequestMappingHandlerMapping - Returning handler method [public org.springframework.http.ResponseEntity<com.easybusiness.leavemanagement.dto.LeaveTransactionDTO> com.easybusiness.leavemanagement.services.leavetransaction.LeaveTransactionServiceImpl.addOrModifyLeaveTransaction(com.easybusiness.leavemanagement.dto.LeaveTransactionDTO)]
2017-09-23 22:11:00,010 DEBUG o.s.b.f.s.DefaultListableBeanFactory - Returning cached instance of singleton bean 'leaveTransactionServiceImpl'
2017-09-23 22:11:00,010 DEBUG o.s.o.j.s.OpenEntityManagerInViewInterceptor - Opening JPA EntityManager in OpenEntityManagerInViewInterceptor
2017-09-23 22:11:00,041 DEBUG o.s.w.s.m.m.a.RequestResponseBodyMethodProcessor - Read [class com.easybusiness.leavemanagement.dto.LeaveTransactionDTO] as "application/json;charset=UTF-8" with [org.springframework.http.converter.json.MappingJackson2HttpMessageConverter@314f59b]
2017-09-23 22:11:00,051 DEBUG o.s.d.r.c.s.TransactionalRepositoryProxyPostProcessor$CustomAnnotationTransactionAttributeSource - Adding transactional method 'save' with attribute: PROPAGATION_REQUIRED,ISOLATION_DEFAULT; ''
2017-09-23 22:11:00,053 DEBUG o.s.b.f.s.DefaultListableBeanFactory - Returning cached instance of singleton bean 'transactionManager'
2017-09-23 22:11:00,055 DEBUG o.s.orm.jpa.JpaTransactionManager - Found thread-bound EntityManager [org.hibernate.jpa.internal.EntityManagerImpl@25045c02] for JPA transaction
2017-09-23 22:11:00,055 DEBUG o.s.orm.jpa.JpaTransactionManager - Creating new transaction with name [org.springframework.data.jpa.repository.support.SimpleJpaRepository.save]: PROPAGATION_REQUIRED,ISOLATION_DEFAULT; ''
2017-09-23 22:11:00,058 DEBUG o.s.orm.jpa.JpaTransactionManager - Exposing JPA transaction as JDBC transaction [org.springframework.orm.jpa.vendor.HibernateJpaDialect$HibernateConnectionHandle@67e62471]
2017-09-23 22:11:00,065 DEBUG org.hibernate.SQL - 
    /* load com.easybusiness.leavepersistence.entity.LeaveTransaction */ select
        leavetrans0_.leave_tran_id as leave_tran_id1_5_10_,
        leavetrans0_.applied_by as applied_by15_5_10_,
        leavetrans0_.applied_on as applied_on2_5_10_,
        leavetrans0_.approved_by as approved_by16_5_10_,
        leavetrans0_.approved_on as approved_on3_5_10_,
        leavetrans0_.availed_on as availed_on4_5_10_,
        leavetrans0_.canceled_on as canceled_on5_5_10_,
        leavetrans0_.created_by as created_by6_5_10_,
        leavetrans0_.created_on as created_on7_5_10_,
        leavetrans0_.leave_end_date as leave_end_date8_5_10_,
        leavetrans0_.leave_type_id as leave_type_id17_5_10_,
        leavetrans0_.leave_no as leave_no9_5_10_,
        leavetrans0_.leave_start_date as leave_start_date10_5_10_,
        leavetrans0_.mod_by as mod_by11_5_10_,
        leavetrans0_.mod_on as mod_on12_5_10_,
        leavetrans0_.raised_for as raised_for13_5_10_,
        leavetrans0_.raised_on as raised_on14_5_10_,
        leavetrans0_.status as status18_5_10_,
        leavetrans0_.user_id as user_id19_5_10_,
        user1_.user_id as user_id1_9_0_,
        user1_.altr_email as altr_email2_9_0_,
        user1_.city as city3_9_0_,
        user1_.country as country4_9_0_,
        user1_.dob as dob5_9_0_,
        user1_.department as department27_9_0_,
        user1_.designation as designation28_9_0_,
        user1_.email as email6_9_0_,
        user1_.end_date as end_date7_9_0_,
        user1_.father as father8_9_0_,
        user1_.first_name as first_name9_9_0_,
        user1_.from_date as from_date10_9_0_,
        user1_.gender as gender11_9_0_,
        user1_.is_enable as is_enable12_9_0_,
        user1_.last_name as last_name13_9_0_,
        user1_.location_id as location_id29_9_0_,
        user1_.mobile as mobile14_9_0_,
        user1_.mod_by as mod_by15_9_0_,
        user1_.mod_dt as mod_dt16_9_0_,
        user1_.organization as organization30_9_0_,
        user1_.passport as passport17_9_0_,
        user1_.password as password18_9_0_,
        user1_.perm_addr as perm_addr19_9_0_,
        user1_.spouse as spouse20_9_0_,
        user1_.state as state21_9_0_,
        user1_.type_of_emp as type_of_emp22_9_0_,
        user1_.unit_id as unit_id23_9_0_,
        user1_.user_img as user_img24_9_0_,
        user1_.user_login_id as user_login_id25_9_0_,
        user1_.zip as zip26_9_0_,
        department2_.dept_id as dept_id1_0_1_,
        department2_.dept_name as dept_name2_0_1_,
        department2_.org_id as org_id3_0_1_,
        organizati3_.org_id as org_id1_7_2_,
        organizati3_.org_location as org_location2_7_2_,
        organizati3_.org_name as org_name3_7_2_,
        designatio4_.id as id1_1_3_,
        designatio4_.desig as desig2_1_3_,
        locationma5_.location_id as location_id1_6_4_,
        locationma5_.created_by as created_by2_6_4_,
        locationma5_.created_on as created_on3_6_4_,
        locationma5_.location_area as location_area4_6_4_,
        locationma5_.location_city as location_city5_6_4_,
        locationma5_.location_country as location_country6_6_4_,
        locationma5_.location_pin as location_pin7_6_4_,
        locationma5_.location_state as location_state8_6_4_,
        locationma5_.mod_by as mod_by9_6_4_,
        locationma5_.mod_on as mod_on10_6_4_,
        organizati6_.org_id as org_id1_7_5_,
        organizati6_.org_location as org_location2_7_5_,
        organizati6_.org_name as org_name3_7_5_,
        user7_.user_id as user_id1_9_6_,
        user7_.altr_email as altr_email2_9_6_,
        user7_.city as city3_9_6_,
        user7_.country as country4_9_6_,
        user7_.dob as dob5_9_6_,
        user7_.department as department27_9_6_,
        user7_.designation as designation28_9_6_,
        user7_.email as email6_9_6_,
        user7_.end_date as end_date7_9_6_,
        user7_.father as father8_9_6_,
        user7_.first_name as first_name9_9_6_,
        user7_.from_date as from_date10_9_6_,
        user7_.gender as gender11_9_6_,
        user7_.is_enable as is_enable12_9_6_,
        user7_.last_name as last_name13_9_6_,
        user7_.location_id as location_id29_9_6_,
        user7_.mobile as mobile14_9_6_,
        user7_.mod_by as mod_by15_9_6_,
        user7_.mod_dt as mod_dt16_9_6_,
        user7_.organization as organization30_9_6_,
        user7_.passport as passport17_9_6_,
        user7_.password as password18_9_6_,
        user7_.perm_addr as perm_addr19_9_6_,
        user7_.spouse as spouse20_9_6_,
        user7_.state as state21_9_6_,
        user7_.type_of_emp as type_of_emp22_9_6_,
        user7_.unit_id as unit_id23_9_6_,
        user7_.user_img as user_img24_9_6_,
        user7_.user_login_id as user_login_id25_9_6_,
        user7_.zip as zip26_9_6_,
        leavemaste8_.leave_type_id as leave_type_id1_4_7_,
        leavemaste8_.carry_fwd_limit as carry_fwd_limit2_4_7_,
        leavemaste8_.created_by as created_by3_4_7_,
        leavemaste8_.created_on as created_on4_4_7_,
        leavemaste8_.is_carry_fwd as is_carry_fwd5_4_7_,
        leavemaste8_.leave_type as leave_type6_4_7_,
        leavemaste8_.max_num_in_a_year as max_num_in_a_year7_4_7_,
        leavemaste8_.mod_by as mod_by8_4_7_,
        leavemaste8_.mod_on as mod_on9_4_7_,
        leavemaste8_.status as status10_4_7_,
        leavemaste8_.validity as validity11_4_7_,
        status9_.status_id as status_id1_8_8_,
        status9_.status_name as status_name2_8_8_,
        user10_.user_id as user_id1_9_9_,
        user10_.altr_email as altr_email2_9_9_,
        user10_.city as city3_9_9_,
        user10_.country as country4_9_9_,
        user10_.dob as dob5_9_9_,
        user10_.department as department27_9_9_,
        user10_.designation as designation28_9_9_,
        user10_.email as email6_9_9_,
        user10_.end_date as end_date7_9_9_,
        user10_.father as father8_9_9_,
        user10_.first_name as first_name9_9_9_,
        user10_.from_date as from_date10_9_9_,
        user10_.gender as gender11_9_9_,
        user10_.is_enable as is_enable12_9_9_,
        user10_.last_name as last_name13_9_9_,
        user10_.location_id as location_id29_9_9_,
        user10_.mobile as mobile14_9_9_,
        user10_.mod_by as mod_by15_9_9_,
        user10_.mod_dt as mod_dt16_9_9_,
        user10_.organization as organization30_9_9_,
        user10_.passport as passport17_9_9_,
        user10_.password as password18_9_9_,
        user10_.perm_addr as perm_addr19_9_9_,
        user10_.spouse as spouse20_9_9_,
        user10_.state as state21_9_9_,
        user10_.type_of_emp as type_of_emp22_9_9_,
        user10_.unit_id as unit_id23_9_9_,
        user10_.user_img as user_img24_9_9_,
        user10_.user_login_id as user_login_id25_9_9_,
        user10_.zip as zip26_9_9_ 
    from
        leave_transaction_details leavetrans0_ 
    left outer join
        user_details user1_ 
            on leavetrans0_.applied_by=user1_.user_id 
    left outer join
        department department2_ 
            on user1_.department=department2_.dept_id 
    left outer join
        organization organizati3_ 
            on department2_.org_id=organizati3_.org_id 
    left outer join
        designation designatio4_ 
            on user1_.designation=designatio4_.id 
    left outer join
        location_master locationma5_ 
            on user1_.location_id=locationma5_.location_id 
    left outer join
        organization organizati6_ 
            on user1_.organization=organizati6_.org_id 
    left outer join
        user_details user7_ 
            on leavetrans0_.approved_by=user7_.user_id 
    left outer join
        leave_master leavemaste8_ 
            on leavetrans0_.leave_type_id=leavemaste8_.leave_type_id 
    left outer join
        status_master status9_ 
            on leavetrans0_.status=status9_.status_id 
    left outer join
        user_details user10_ 
            on leavetrans0_.user_id=user10_.user_id 
    where
        leavetrans0_.leave_tran_id=?
2017-09-23 22:11:00,066 TRACE o.h.type.descriptor.sql.BasicBinder - binding parameter [1] as [BIGINT] - [1]
2017-09-23 22:11:00,082 DEBUG org.hibernate.SQL - 
    /* load com.easybusiness.leavepersistence.entity.Department */ select
        department0_.dept_id as dept_id1_0_1_,
        department0_.dept_name as dept_name2_0_1_,
        department0_.org_id as org_id3_0_1_,
        organizati1_.org_id as org_id1_7_0_,
        organizati1_.org_location as org_location2_7_0_,
        organizati1_.org_name as org_name3_7_0_ 
    from
        department department0_ 
    left outer join
        organization organizati1_ 
            on department0_.org_id=organizati1_.org_id 
    where
        department0_.dept_id=?
2017-09-23 22:11:00,083 TRACE o.h.type.descriptor.sql.BasicBinder - binding parameter [1] as [BIGINT] - [1]
2017-09-23 22:11:00,086 DEBUG org.hibernate.SQL - 
    /* load com.easybusiness.leavepersistence.entity.Designation */ select
        designatio0_.id as id1_1_0_,
        designatio0_.desig as desig2_1_0_ 
    from
        designation designatio0_ 
    where
        designatio0_.id=?
2017-09-23 22:11:00,086 TRACE o.h.type.descriptor.sql.BasicBinder - binding parameter [1] as [BIGINT] - [5]
2017-09-23 22:11:00,104 DEBUG org.hibernate.SQL - 
    /* load com.easybusiness.leavepersistence.entity.Status */ select
        status0_.status_id as status_id1_8_0_,
        status0_.status_name as status_name2_8_0_ 
    from
        status_master status0_ 
    where
        status0_.status_id=?
2017-09-23 22:11:00,104 TRACE o.h.type.descriptor.sql.BasicBinder - binding parameter [1] as [VARCHAR] - [4]
2017-09-23 22:11:00,120 DEBUG o.s.orm.jpa.JpaTransactionManager - Initiating transaction commit
2017-09-23 22:11:00,120 DEBUG o.s.orm.jpa.JpaTransactionManager - Committing JPA transaction on EntityManager [org.hibernate.jpa.internal.EntityManagerImpl@25045c02]
2017-09-23 22:11:00,120 DEBUG org.hibernate.SQL - 
    /* update
        com.easybusiness.leavepersistence.entity.LeaveTransaction */ update
            leave_transaction_details 
        set
            applied_by=?,
            applied_on=?,
            approved_by=?,
            approved_on=?,
            availed_on=?,
            canceled_on=?,
            created_by=?,
            created_on=?,
            leave_end_date=?,
            leave_type_id=?,
            leave_no=?,
            leave_start_date=?,
            mod_by=?,
            mod_on=?,
            raised_for=?,
            raised_on=?,
            status=?,
            user_id=? 
        where
            leave_tran_id=?
2017-09-23 22:11:00,120 TRACE o.h.type.descriptor.sql.BasicBinder - binding parameter [1] as [BIGINT] - [null]
2017-09-23 22:11:00,135 TRACE o.h.type.descriptor.sql.BasicBinder - binding parameter [2] as [DATE] - [null]
2017-09-23 22:11:00,135 TRACE o.h.type.descriptor.sql.BasicBinder - binding parameter [3] as [BIGINT] - [null]
2017-09-23 22:11:00,135 TRACE o.h.type.descriptor.sql.BasicBinder - binding parameter [4] as [DATE] - [null]
2017-09-23 22:11:00,135 TRACE o.h.type.descriptor.sql.BasicBinder - binding parameter [5] as [DATE] - [null]
2017-09-23 22:11:00,135 TRACE o.h.type.descriptor.sql.BasicBinder - binding parameter [6] as [DATE] - [null]
2017-09-23 22:11:00,135 TRACE o.h.type.descriptor.sql.BasicBinder - binding parameter [7] as [BIGINT] - [null]
2017-09-23 22:11:00,135 TRACE o.h.type.descriptor.sql.BasicBinder - binding parameter [8] as [DATE] - [null]
2017-09-23 22:11:00,135 TRACE o.h.type.descriptor.sql.BasicBinder - binding parameter [9] as [DATE] - [2017-10-03]
2017-09-23 22:11:00,135 TRACE o.h.type.descriptor.sql.BasicBinder - binding parameter [10] as [BIGINT] - [3]
2017-09-23 22:11:00,135 TRACE o.h.type.descriptor.sql.BasicBinder - binding parameter [11] as [BIGINT] - [1]
2017-09-23 22:11:00,135 TRACE o.h.type.descriptor.sql.BasicBinder - binding parameter [12] as [DATE] - [2017-10-02]
2017-09-23 22:11:00,135 TRACE o.h.type.descriptor.sql.BasicBinder - binding parameter [13] as [BIGINT] - [7010]
2017-09-23 22:11:00,135 TRACE o.h.type.descriptor.sql.BasicBinder - binding parameter [14] as [DATE] - [2017-09-02]
2017-09-23 22:11:00,135 TRACE o.h.type.descriptor.sql.BasicBinder - binding parameter [15] as [DATE] - [2017-10-01]
2017-09-23 22:11:00,135 TRACE o.h.type.descriptor.sql.BasicBinder - binding parameter [16] as [DATE] - [2017-09-02]
2017-09-23 22:11:00,135 TRACE o.h.type.descriptor.sql.BasicBinder - binding parameter [17] as [VARCHAR] - [4]
2017-09-23 22:11:00,135 TRACE o.h.type.descriptor.sql.BasicBinder - binding parameter [18] as [BIGINT] - [7010]
2017-09-23 22:11:00,135 TRACE o.h.type.descriptor.sql.BasicBinder - binding parameter [19] as [BIGINT] - [1]
2017-09-23 22:11:00,135 DEBUG o.s.orm.jpa.JpaTransactionManager - Not closing pre-bound JPA EntityManager after transaction
2017-09-23 22:11:00,135 DEBUG o.s.w.s.m.m.a.HttpEntityMethodProcessor - Written [LeaveTransaction [id=1, user=UserDTO [id=7010, userName=secured, firstName=Secured, fromDate=null, lastName=User, password=123, gender=male, dateOfBirth=1989-10-23, email=secured@sls.com, alternateEmail=secured@sls.com, mobile=8723126745, endDate=null, organization=Organization [id=1, orgName=SLS, orgLocation=Kolkata], department=Department [id=1, organization=Organization [id=1, orgName=SLS, orgLocation=Kolkata], deptName=IT], designation=Designation [id=5, desig=LEAD], typeOfEmployment=null, isEnabled=1, userImg=null, modifiedBy=null, modifiedOn=null, permAddr=KaliGhat, state=West Bengal, city=Kolkata, country=India, zip=700102, fatherName=A K Singh, spouseName=S Singh, passport=null, location=null, unitId=null], leaveMaster=LeaveMaster [id=3, leaveType=Comp Off, isCarryForward=Y, maxNumInAYear=null, carryForwardLimit=null, validity=null, status=null, createdBy=null, createdOn=null, modifiedBy=null, modifiedOn=null], appliedOn=null, appliedBy=null, approvedOn=null, approvedBy=null, leaveStartDate=2017-10-02, canceledOn=null, availedOn=null, raisedOn=2017-09-02, raisedFor=2017-10-01, leaveEndDate=2017-10-03, status=Status [statusId=4, statusName=REJECTED], createdBy=null, createdOn=null, modifiedBy=7010, modifiedOn=2017-09-02, leaveNo=1]] as "application/json" using [org.springframework.http.converter.json.MappingJackson2HttpMessageConverter@314f59b]
2017-09-23 22:11:00,135 DEBUG o.s.web.servlet.DispatcherServlet - Null ModelAndView returned to DispatcherServlet with name 'dispatcherServlet': assuming HandlerAdapter completed request handling
2017-09-23 22:11:00,135 DEBUG o.s.o.j.s.OpenEntityManagerInViewInterceptor - Closing JPA EntityManager in OpenEntityManagerInViewInterceptor
2017-09-23 22:11:00,135 DEBUG o.s.o.jpa.EntityManagerFactoryUtils - Closing JPA EntityManager
2017-09-23 22:11:00,135 DEBUG o.s.web.servlet.DispatcherServlet - Successfully completed request
2017-09-23 22:11:00,135 DEBUG o.s.b.w.f.OrderedRequestContextFilter - Cleared thread-bound request context: org.apache.catalina.connector.RequestFacade@4f2645fa
2017-09-23 22:15:02,948 DEBUG o.s.b.w.f.OrderedRequestContextFilter - Bound request context to thread: org.apache.catalina.connector.RequestFacade@4f2645fa
2017-09-23 22:15:02,948 DEBUG o.s.web.servlet.DispatcherServlet - DispatcherServlet with name 'dispatcherServlet' processing GET request for [/easybusiness/leave/leavetransaction/getLeaveTransactionForUserIdAndLeaveType/7010/3]
2017-09-23 22:15:02,949 DEBUG o.s.w.s.m.m.a.RequestMappingHandlerMapping - Looking up handler method for path /easybusiness/leave/leavetransaction/getLeaveTransactionForUserIdAndLeaveType/7010/3
2017-09-23 22:15:02,949 DEBUG o.s.w.s.m.m.a.RequestMappingHandlerMapping - Returning handler method [public org.springframework.http.ResponseEntity<java.util.List<com.easybusiness.leavemanagement.dto.LeaveTransactionDTO>> com.easybusiness.leavemanagement.services.leavetransaction.LeaveTransactionServiceImpl.findLeaveTransactionByUserIdAndLeaveTypeId(java.lang.String,java.lang.String)]
2017-09-23 22:15:02,949 DEBUG o.s.b.f.s.DefaultListableBeanFactory - Returning cached instance of singleton bean 'leaveTransactionServiceImpl'
2017-09-23 22:15:02,950 DEBUG o.s.web.servlet.DispatcherServlet - Last-Modified value for [/easybusiness/leave/leavetransaction/getLeaveTransactionForUserIdAndLeaveType/7010/3] is: -1
2017-09-23 22:15:02,950 DEBUG o.s.o.j.s.OpenEntityManagerInViewInterceptor - Opening JPA EntityManager in OpenEntityManagerInViewInterceptor
2017-09-23 22:15:02,950 DEBUG o.s.b.f.s.DefaultListableBeanFactory - Returning cached instance of singleton bean 'transactionManager'
2017-09-23 22:15:02,951 DEBUG o.s.orm.jpa.JpaTransactionManager - Found thread-bound EntityManager [org.hibernate.jpa.internal.EntityManagerImpl@1b0d4727] for JPA transaction
2017-09-23 22:15:02,951 DEBUG o.s.orm.jpa.JpaTransactionManager - Creating new transaction with name [com.easybusiness.leavepersistence.user.UserDao.findUserById]: PROPAGATION_REQUIRED,ISOLATION_DEFAULT,readOnly; ''
2017-09-23 22:15:02,988 DEBUG o.s.jdbc.datasource.DataSourceUtils - Setting JDBC Connection [ProxyConnection[PooledConnection[oracle.jdbc.driver.T4CConnection@3ce53f6a]]] read-only
2017-09-23 22:15:02,988 DEBUG o.s.orm.jpa.JpaTransactionManager - Exposing JPA transaction as JDBC transaction [org.springframework.orm.jpa.vendor.HibernateJpaDialect$HibernateConnectionHandle@31ae4793]
2017-09-23 22:15:02,988 DEBUG org.hibernate.SQL - 
    /* select
        generatedAlias0 
    from
        User as generatedAlias0 
    where
        generatedAlias0.id=:param0 */ select
            user0_.user_id as user_id1_9_,
            user0_.altr_email as altr_email2_9_,
            user0_.city as city3_9_,
            user0_.country as country4_9_,
            user0_.dob as dob5_9_,
            user0_.department as department27_9_,
            user0_.designation as designation28_9_,
            user0_.email as email6_9_,
            user0_.end_date as end_date7_9_,
            user0_.father as father8_9_,
            user0_.first_name as first_name9_9_,
            user0_.from_date as from_date10_9_,
            user0_.gender as gender11_9_,
            user0_.is_enable as is_enable12_9_,
            user0_.last_name as last_name13_9_,
            user0_.location_id as location_id29_9_,
            user0_.mobile as mobile14_9_,
            user0_.mod_by as mod_by15_9_,
            user0_.mod_dt as mod_dt16_9_,
            user0_.organization as organization30_9_,
            user0_.passport as passport17_9_,
            user0_.password as password18_9_,
            user0_.perm_addr as perm_addr19_9_,
            user0_.spouse as spouse20_9_,
            user0_.state as state21_9_,
            user0_.type_of_emp as type_of_emp22_9_,
            user0_.unit_id as unit_id23_9_,
            user0_.user_img as user_img24_9_,
            user0_.user_login_id as user_login_id25_9_,
            user0_.zip as zip26_9_ 
        from
            user_details user0_ 
        where
            user0_.user_id=?
2017-09-23 22:15:02,988 TRACE o.h.type.descriptor.sql.BasicBinder - binding parameter [1] as [BIGINT] - [7010]
2017-09-23 22:15:02,988 DEBUG org.hibernate.SQL - 
    select
        department0_.dept_id as dept_id1_0_0_,
        department0_.dept_name as dept_name2_0_0_,
        department0_.org_id as org_id3_0_0_,
        organizati1_.org_id as org_id1_7_1_,
        organizati1_.org_location as org_location2_7_1_,
        organizati1_.org_name as org_name3_7_1_ 
    from
        department department0_ 
    left outer join
        organization organizati1_ 
            on department0_.org_id=organizati1_.org_id 
    where
        department0_.dept_id=?
2017-09-23 22:15:02,988 TRACE o.h.type.descriptor.sql.BasicBinder - binding parameter [1] as [BIGINT] - [1]
2017-09-23 22:15:02,988 DEBUG org.hibernate.SQL - 
    select
        designatio0_.id as id1_1_0_,
        designatio0_.desig as desig2_1_0_ 
    from
        designation designatio0_ 
    where
        designatio0_.id=?
2017-09-23 22:15:02,988 TRACE o.h.type.descriptor.sql.BasicBinder - binding parameter [1] as [BIGINT] - [5]
2017-09-23 22:15:02,988 DEBUG o.s.orm.jpa.JpaTransactionManager - Initiating transaction commit
2017-09-23 22:15:02,988 DEBUG o.s.orm.jpa.JpaTransactionManager - Committing JPA transaction on EntityManager [org.hibernate.jpa.internal.EntityManagerImpl@1b0d4727]
2017-09-23 22:15:02,988 DEBUG o.s.jdbc.datasource.DataSourceUtils - Resetting read-only flag of JDBC Connection [ProxyConnection[PooledConnection[oracle.jdbc.driver.T4CConnection@3ce53f6a]]]
2017-09-23 22:15:02,988 DEBUG o.s.orm.jpa.JpaTransactionManager - Not closing pre-bound JPA EntityManager after transaction
2017-09-23 22:15:03,003 DEBUG org.hibernate.SQL - 
    select
        leavemaste0_.leave_type_id as leave_type_id1_4_0_,
        leavemaste0_.carry_fwd_limit as carry_fwd_limit2_4_0_,
        leavemaste0_.created_by as created_by3_4_0_,
        leavemaste0_.created_on as created_on4_4_0_,
        leavemaste0_.is_carry_fwd as is_carry_fwd5_4_0_,
        leavemaste0_.leave_type as leave_type6_4_0_,
        leavemaste0_.max_num_in_a_year as max_num_in_a_year7_4_0_,
        leavemaste0_.mod_by as mod_by8_4_0_,
        leavemaste0_.mod_on as mod_on9_4_0_,
        leavemaste0_.status as status10_4_0_,
        leavemaste0_.validity as validity11_4_0_ 
    from
        leave_master leavemaste0_ 
    where
        leavemaste0_.leave_type_id=?
2017-09-23 22:15:03,003 TRACE o.h.type.descriptor.sql.BasicBinder - binding parameter [1] as [BIGINT] - [3]
2017-09-23 22:15:03,019 DEBUG org.hibernate.SQL - 
    /* select
        generatedAlias0 
    from
        LeaveTransaction as generatedAlias0 
    left join
        generatedAlias0.user as generatedAlias1 
    left join
        generatedAlias0.leaveMaster as generatedAlias2 
    where
        (
            generatedAlias1=:param0 
        ) 
        and (
            generatedAlias2=:param1 
        ) */ select
            leavetrans0_.leave_tran_id as leave_tran_id1_5_,
            leavetrans0_.applied_by as applied_by15_5_,
            leavetrans0_.applied_on as applied_on2_5_,
            leavetrans0_.approved_by as approved_by16_5_,
            leavetrans0_.approved_on as approved_on3_5_,
            leavetrans0_.availed_on as availed_on4_5_,
            leavetrans0_.canceled_on as canceled_on5_5_,
            leavetrans0_.created_by as created_by6_5_,
            leavetrans0_.created_on as created_on7_5_,
            leavetrans0_.leave_end_date as leave_end_date8_5_,
            leavetrans0_.leave_type_id as leave_type_id17_5_,
            leavetrans0_.leave_no as leave_no9_5_,
            leavetrans0_.leave_start_date as leave_start_date10_5_,
            leavetrans0_.mod_by as mod_by11_5_,
            leavetrans0_.mod_on as mod_on12_5_,
            leavetrans0_.raised_for as raised_for13_5_,
            leavetrans0_.raised_on as raised_on14_5_,
            leavetrans0_.status as status18_5_,
            leavetrans0_.user_id as user_id19_5_ 
        from
            leave_transaction_details leavetrans0_ 
        left outer join
            user_details user1_ 
                on leavetrans0_.user_id=user1_.user_id 
        left outer join
            leave_master leavemaste2_ 
                on leavetrans0_.leave_type_id=leavemaste2_.leave_type_id 
        where
            user1_.user_id=? 
            and leavemaste2_.leave_type_id=?
2017-09-23 22:15:03,019 TRACE o.h.type.descriptor.sql.BasicBinder - binding parameter [1] as [BIGINT] - [7010]
2017-09-23 22:15:03,019 TRACE o.h.type.descriptor.sql.BasicBinder - binding parameter [2] as [BIGINT] - [3]
2017-09-23 22:15:03,035 DEBUG org.hibernate.SQL - 
    select
        status0_.status_id as status_id1_8_0_,
        status0_.status_name as status_name2_8_0_ 
    from
        status_master status0_ 
    where
        status0_.status_id=?
2017-09-23 22:15:03,035 TRACE o.h.type.descriptor.sql.BasicBinder - binding parameter [1] as [VARCHAR] - [4]
2017-09-23 22:15:03,035 DEBUG org.hibernate.SQL - 
    select
        status0_.status_id as status_id1_8_0_,
        status0_.status_name as status_name2_8_0_ 
    from
        status_master status0_ 
    where
        status0_.status_id=?
2017-09-23 22:15:03,035 TRACE o.h.type.descriptor.sql.BasicBinder - binding parameter [1] as [VARCHAR] - [3]
2017-09-23 22:15:03,050 DEBUG o.s.w.s.m.m.a.HttpEntityMethodProcessor - Written [[LeaveTransaction [id=1, user=UserDTO [id=7010, userName=secured, firstName=Secured, fromDate=null, lastName=User, password=123, gender=male, dateOfBirth=1989-10-23, email=secured@sls.com, alternateEmail=secured@sls.com, mobile=8723126745, endDate=null, organization=Organization [id=1, orgName=SLS, orgLocation=Kolkata], department=Department [id=1, organization=Organization [id=1, orgName=SLS, orgLocation=Kolkata], deptName=IT], designation=Designation [id=5, desig=LEAD], typeOfEmployment=null, isEnabled=1, userImg=null, modifiedBy=null, modifiedOn=null, permAddr=KaliGhat, state=West Bengal, city=Kolkata, country=India, zip=700102, fatherName=A K Singh, spouseName=S Singh, passport=null, location=null, unitId=null], leaveMaster=LeaveMaster [id=3, leaveType=Comp Off, isCarryForward=Y, maxNumInAYear=null, carryForwardLimit=null, validity=null, status=null, createdBy=null, createdOn=null, modifiedBy=null, modifiedOn=null], appliedOn=null, appliedBy=null, approvedOn=null, approvedBy=null, leaveStartDate=2017-10-02, canceledOn=null, availedOn=null, raisedOn=2017-09-02, raisedFor=2017-10-01, leaveEndDate=2017-10-03, status=Status [statusId=4, statusName=REJECTED], createdBy=null, createdOn=null, modifiedBy=7010, modifiedOn=2017-09-02, leaveNo=1], LeaveTransaction [id=11, user=UserDTO [id=7010, userName=secured, firstName=Secured, fromDate=null, lastName=User, password=123, gender=male, dateOfBirth=1989-10-23, email=secured@sls.com, alternateEmail=secured@sls.com, mobile=8723126745, endDate=null, organization=Organization [id=1, orgName=SLS, orgLocation=Kolkata], department=Department [id=1, organization=Organization [id=1, orgName=SLS, orgLocation=Kolkata], deptName=IT], designation=Designation [id=5, desig=LEAD], typeOfEmployment=null, isEnabled=1, userImg=null, modifiedBy=null, modifiedOn=null, permAddr=KaliGhat, state=West Bengal, city=Kolkata, country=India, zip=700102, fatherName=A K Singh, spouseName=S Singh, passport=null, location=null, unitId=null], leaveMaster=LeaveMaster [id=3, leaveType=Comp Off, isCarryForward=Y, maxNumInAYear=null, carryForwardLimit=null, validity=null, status=null, createdBy=null, createdOn=null, modifiedBy=null, modifiedOn=null], appliedOn=null, appliedBy=null, approvedOn=null, approvedBy=null, leaveStartDate=2017-09-29, canceledOn=null, availedOn=null, raisedOn=2017-09-04, raisedFor=2017-10-01, leaveEndDate=2017-10-01, status=Status [statusId=3, statusName=APPROVED], createdBy=null, createdOn=null, modifiedBy=7010, modifiedOn=2017-09-04, leaveNo=1]]] as "application/json" using [org.springframework.http.converter.json.MappingJackson2HttpMessageConverter@314f59b]
2017-09-23 22:15:03,050 DEBUG o.s.web.servlet.DispatcherServlet - Null ModelAndView returned to DispatcherServlet with name 'dispatcherServlet': assuming HandlerAdapter completed request handling
2017-09-23 22:15:03,050 DEBUG o.s.o.j.s.OpenEntityManagerInViewInterceptor - Closing JPA EntityManager in OpenEntityManagerInViewInterceptor
2017-09-23 22:15:03,050 DEBUG o.s.o.jpa.EntityManagerFactoryUtils - Closing JPA EntityManager
2017-09-23 22:15:03,050 DEBUG o.s.web.servlet.DispatcherServlet - Successfully completed request
2017-09-23 22:15:03,050 DEBUG o.s.b.w.f.OrderedRequestContextFilter - Cleared thread-bound request context: org.apache.catalina.connector.RequestFacade@4f2645fa
